#
# There is insufficient memory for the Java Runtime Environment to continue.
# Native memory allocation (malloc) failed to allocate 1223216 bytes. Error detail: Chunk::new
# Possible reasons:
#   The system is out of physical RAM or swap space
#   This process is running with CompressedOops enabled, and the Java Heap may be blocking the growth of the native heap
# Possible solutions:
#   Reduce memory load on the system
#   Increase physical memory or swap space
#   Check if swap backing store is full
#   Decrease Java heap size (-Xmx/-Xms)
#   Decrease number of Java threads
#   Decrease Java thread stack sizes (-Xss)
#   Set larger code cache with -XX:ReservedCodeCacheSize=
#   JVM is running with Unscaled Compressed Oops mode in which the Java heap is
#     placed in the first 4GB address space. The Java Heap base address is the
#     maximum limit for the native heap growth. Please use -XX:HeapBaseMinAddress
#     to set the Java Heap base and to place the Java Heap above 4GB virtual address.
# This output file may be truncated or incomplete.
#
#  Out of Memory Error (arena.cpp:168), pid=24224, tid=21152
#
# JRE version: OpenJDK Runtime Environment (21.0.7) (build 21.0.7+-13880790-b1038.58)
# Java VM: OpenJDK 64-Bit Server VM (21.0.7+-13880790-b1038.58, mixed mode, tiered, compressed oops, compressed class ptrs, g1 gc, windows-amd64)
# No core dump will be written. Minidumps are not enabled by default on client versions of Windows
#

---------------  S U M M A R Y ------------

Command Line: git4idea.http.GitAskPassApp Password for 'https://jas0nay@github.com': 

Host: 12th Gen Intel(R) Core(TM) i5-1235U, 12 cores, 7G,  Windows 11 , 64 bit Build 26100 (10.0.26100.5074)
Time: Tue Oct  7 13:40:54 2025 Eastern Daylight Time elapsed time: 5.593643 seconds (0d 0h 0m 5s)

---------------  T H R E A D  ---------------

Current thread (0x0000026ce1404900):  JavaThread "C2 CompilerThread0" daemon [_thread_in_native, id=21152, stack(0x000000f497d00000,0x000000f497e00000) (1024K)]


Current CompileTask:
C2:5593 1066       4       sun.security.ec.ECOperations::setDouble (463 bytes)

Stack: [0x000000f497d00000,0x000000f497e00000]
Native frames: (J=compiled Java code, j=interpreted, Vv=VM code, C=native code)
V  [jvm.dll+0x6d25c9]
V  [jvm.dll+0x860923]
V  [jvm.dll+0x862e7e]
V  [jvm.dll+0x863563]
V  [jvm.dll+0x27f156]
V  [jvm.dll+0xc002d]
V  [jvm.dll+0xc0563]
V  [jvm.dll+0x3b6d01]
V  [jvm.dll+0x382c27]
V  [jvm.dll+0x38209a]
V  [jvm.dll+0x247e72]
V  [jvm.dll+0x247441]
V  [jvm.dll+0x1c5fb4]
V  [jvm.dll+0x256bac]
V  [jvm.dll+0x2550f6]
V  [jvm.dll+0x3f1d16]
V  [jvm.dll+0x808d08]
V  [jvm.dll+0x6d0e1d]
C  [ucrtbase.dll+0x37b0]
C  [KERNEL32.DLL+0x2e8d7]
C  [ntdll.dll+0x8d9c]


---------------  P R O C E S S  ---------------

Threads class SMR info:
_java_thread_list=0x0000026ce1bc7070, length=14, elements={
0x0000026cc7593c30, 0x0000026ce13b04e0, 0x0000026ce13b5ab0, 0x0000026ce13b35a0,
0x0000026ce13b4990, 0x0000026ce13f26a0, 0x0000026ce13f3100, 0x0000026ce13f3b60,
0x0000026ce1404900, 0x0000026ce14053a0, 0x0000026ce15a8870, 0x0000026ce1a6abe0,
0x0000026ce1ad3c00, 0x0000026ce1b21f40
}

Java Threads: ( => current thread )
  0x0000026cc7593c30 JavaThread "main"                              [_thread_blocked, id=15512, stack(0x000000f496e00000,0x000000f496f00000) (1024K)]
  0x0000026ce13b04e0 JavaThread "Common-Cleaner"             daemon [_thread_blocked, id=38072, stack(0x000000f497600000,0x000000f497700000) (1024K)]
  0x0000026ce13b5ab0 JavaThread "Reference Handler"          daemon [_thread_blocked, id=21452, stack(0x000000f497700000,0x000000f497800000) (1024K)]
  0x0000026ce13b35a0 JavaThread "Finalizer"                  daemon [_thread_blocked, id=33268, stack(0x000000f497800000,0x000000f497900000) (1024K)]
  0x0000026ce13b4990 JavaThread "Signal Dispatcher"          daemon [_thread_blocked, id=37348, stack(0x000000f497900000,0x000000f497a00000) (1024K)]
  0x0000026ce13f26a0 JavaThread "Attach Listener"            daemon [_thread_blocked, id=14472, stack(0x000000f497a00000,0x000000f497b00000) (1024K)]
  0x0000026ce13f3100 JavaThread "Service Thread"             daemon [_thread_blocked, id=13680, stack(0x000000f497b00000,0x000000f497c00000) (1024K)]
  0x0000026ce13f3b60 JavaThread "Monitor Deflation Thread"   daemon [_thread_blocked, id=21528, stack(0x000000f497c00000,0x000000f497d00000) (1024K)]
=>0x0000026ce1404900 JavaThread "C2 CompilerThread0"         daemon [_thread_in_native, id=21152, stack(0x000000f497d00000,0x000000f497e00000) (1024K)]
  0x0000026ce14053a0 JavaThread "C1 CompilerThread0"         daemon [_thread_blocked, id=21828, stack(0x000000f497e00000,0x000000f497f00000) (1024K)]
  0x0000026ce15a8870 JavaThread "Notification Thread"        daemon [_thread_blocked, id=7796, stack(0x000000f497f00000,0x000000f498000000) (1024K)]
  0x0000026ce1a6abe0 JavaThread "HttpClient-1-SelectorManager" daemon [_thread_in_native, id=3316, stack(0x000000f498000000,0x000000f498100000) (1024K)]
  0x0000026ce1ad3c00 JavaThread "HttpClient-1-Worker-0"      daemon [_thread_blocked, id=26648, stack(0x000000f498200000,0x000000f498300000) (1024K)]
  0x0000026ce1b21f40 JavaThread "HttpClient-1-Worker-1"      daemon [_thread_blocked, id=33584, stack(0x000000f498300000,0x000000f498400000) (1024K)]
Total: 14

Other Threads:
  0x0000026ce136cc00 VMThread "VM Thread"                           [id=28708, stack(0x000000f497500000,0x000000f497600000) (1024K)]
  0x0000026ce0e81360 WatcherThread "VM Periodic Task Thread"        [id=15956, stack(0x000000f497400000,0x000000f497500000) (1024K)]
  0x0000026cc7abbc00 WorkerThread "GC Thread#0"                     [id=28376, stack(0x000000f496f00000,0x000000f497000000) (1024K)]
  0x0000026cc7acc0e0 ConcurrentGCThread "G1 Main Marker"            [id=33564, stack(0x000000f497000000,0x000000f497100000) (1024K)]
  0x0000026cc7accbe0 WorkerThread "G1 Conc#0"                       [id=18164, stack(0x000000f497100000,0x000000f497200000) (1024K)]
  0x0000026cc7b2e8d0 ConcurrentGCThread "G1 Refine#0"               [id=29784, stack(0x000000f497200000,0x000000f497300000) (1024K)]
  0x0000026ce0d554a0 ConcurrentGCThread "G1 Service"                [id=30840, stack(0x000000f497300000,0x000000f497400000) (1024K)]
Total: 7

Threads with active compile tasks:
C2 CompilerThread0  6639 1066       4       sun.security.ec.ECOperations::setDouble (463 bytes)
Total: 1

VM state: not at safepoint (normal execution)

VM Mutex/Monitor currently owned by a thread: None

Heap address: 0x0000000085800000, size: 1960 MB, Compressed Oops mode: 32-bit

CDS archive(s) not mapped
Compressed class space mapped at: 0x0000000100000000-0x0000000140000000, reserved size: 1073741824
Narrow klass base: 0x0000000000000000, Narrow klass shift: 3, Narrow klass range: 0x140000000

GC Precious Log:
 CardTable entry size: 512
 Card Set container configuration: InlinePtr #cards 5 size 8 Array Of Cards #cards 12 size 40 Howl #buckets 4 coarsen threshold 1843 Howl Bitmap #cards 512 size 80 coarsen threshold 460 Card regions per heap region 1 cards per card region 2048
 CPUs: 12 total, 12 available
 Memory: 7835M
 Large Page Support: Disabled
 NUMA Support: Disabled
 Compressed Oops: Enabled (32-bit)
 Heap Region Size: 1M
 Heap Min Capacity: 8M
 Heap Initial Capacity: 124M
 Heap Max Capacity: 1960M
 Pre-touch: Disabled
 Parallel Workers: 10
 Concurrent Workers: 3
 Concurrent Refinement Workers: 10
 Periodic GC: Disabled

Heap:
 garbage-first heap   total 126976K, used 15360K [0x0000000085800000, 0x0000000100000000)
  region size 1024K, 17 young (17408K), 0 survivors (0K)
 Metaspace       used 17304K, committed 17536K, reserved 1114112K
  class space    used 1873K, committed 1984K, reserved 1048576K

Heap Regions: E=young(eden), S=young(survivor), O=old, HS=humongous(starts), HC=humongous(continues), CS=collection set, F=free, TAMS=top-at-mark-start, PB=parsable bottom
|   0|0x0000000085800000, 0x0000000085800000, 0x0000000085900000|  0%| F|  |TAMS 0x0000000085800000| PB 0x0000000085800000| Untracked 
|   1|0x0000000085900000, 0x0000000085900000, 0x0000000085a00000|  0%| F|  |TAMS 0x0000000085900000| PB 0x0000000085900000| Untracked 
|   2|0x0000000085a00000, 0x0000000085a00000, 0x0000000085b00000|  0%| F|  |TAMS 0x0000000085a00000| PB 0x0000000085a00000| Untracked 
|   3|0x0000000085b00000, 0x0000000085b00000, 0x0000000085c00000|  0%| F|  |TAMS 0x0000000085b00000| PB 0x0000000085b00000| Untracked 
|   4|0x0000000085c00000, 0x0000000085c00000, 0x0000000085d00000|  0%| F|  |TAMS 0x0000000085c00000| PB 0x0000000085c00000| Untracked 
|   5|0x0000000085d00000, 0x0000000085d00000, 0x0000000085e00000|  0%| F|  |TAMS 0x0000000085d00000| PB 0x0000000085d00000| Untracked 
|   6|0x0000000085e00000, 0x0000000085e00000, 0x0000000085f00000|  0%| F|  |TAMS 0x0000000085e00000| PB 0x0000000085e00000| Untracked 
|   7|0x0000000085f00000, 0x0000000085f00000, 0x0000000086000000|  0%| F|  |TAMS 0x0000000085f00000| PB 0x0000000085f00000| Untracked 
|   8|0x0000000086000000, 0x0000000086000000, 0x0000000086100000|  0%| F|  |TAMS 0x0000000086000000| PB 0x0000000086000000| Untracked 
|   9|0x0000000086100000, 0x0000000086100000, 0x0000000086200000|  0%| F|  |TAMS 0x0000000086100000| PB 0x0000000086100000| Untracked 
|  10|0x0000000086200000, 0x0000000086200000, 0x0000000086300000|  0%| F|  |TAMS 0x0000000086200000| PB 0x0000000086200000| Untracked 
|  11|0x0000000086300000, 0x0000000086300000, 0x0000000086400000|  0%| F|  |TAMS 0x0000000086300000| PB 0x0000000086300000| Untracked 
|  12|0x0000000086400000, 0x0000000086400000, 0x0000000086500000|  0%| F|  |TAMS 0x0000000086400000| PB 0x0000000086400000| Untracked 
|  13|0x0000000086500000, 0x0000000086500000, 0x0000000086600000|  0%| F|  |TAMS 0x0000000086500000| PB 0x0000000086500000| Untracked 
|  14|0x0000000086600000, 0x0000000086600000, 0x0000000086700000|  0%| F|  |TAMS 0x0000000086600000| PB 0x0000000086600000| Untracked 
|  15|0x0000000086700000, 0x0000000086700000, 0x0000000086800000|  0%| F|  |TAMS 0x0000000086700000| PB 0x0000000086700000| Untracked 
|  16|0x0000000086800000, 0x0000000086800000, 0x0000000086900000|  0%| F|  |TAMS 0x0000000086800000| PB 0x0000000086800000| Untracked 
|  17|0x0000000086900000, 0x0000000086900000, 0x0000000086a00000|  0%| F|  |TAMS 0x0000000086900000| PB 0x0000000086900000| Untracked 
|  18|0x0000000086a00000, 0x0000000086a00000, 0x0000000086b00000|  0%| F|  |TAMS 0x0000000086a00000| PB 0x0000000086a00000| Untracked 
|  19|0x0000000086b00000, 0x0000000086b00000, 0x0000000086c00000|  0%| F|  |TAMS 0x0000000086b00000| PB 0x0000000086b00000| Untracked 
|  20|0x0000000086c00000, 0x0000000086c00000, 0x0000000086d00000|  0%| F|  |TAMS 0x0000000086c00000| PB 0x0000000086c00000| Untracked 
|  21|0x0000000086d00000, 0x0000000086d00000, 0x0000000086e00000|  0%| F|  |TAMS 0x0000000086d00000| PB 0x0000000086d00000| Untracked 
|  22|0x0000000086e00000, 0x0000000086e00000, 0x0000000086f00000|  0%| F|  |TAMS 0x0000000086e00000| PB 0x0000000086e00000| Untracked 
|  23|0x0000000086f00000, 0x0000000086f00000, 0x0000000087000000|  0%| F|  |TAMS 0x0000000086f00000| PB 0x0000000086f00000| Untracked 
|  24|0x0000000087000000, 0x0000000087000000, 0x0000000087100000|  0%| F|  |TAMS 0x0000000087000000| PB 0x0000000087000000| Untracked 
|  25|0x0000000087100000, 0x0000000087100000, 0x0000000087200000|  0%| F|  |TAMS 0x0000000087100000| PB 0x0000000087100000| Untracked 
|  26|0x0000000087200000, 0x0000000087200000, 0x0000000087300000|  0%| F|  |TAMS 0x0000000087200000| PB 0x0000000087200000| Untracked 
|  27|0x0000000087300000, 0x0000000087300000, 0x0000000087400000|  0%| F|  |TAMS 0x0000000087300000| PB 0x0000000087300000| Untracked 
|  28|0x0000000087400000, 0x0000000087400000, 0x0000000087500000|  0%| F|  |TAMS 0x0000000087400000| PB 0x0000000087400000| Untracked 
|  29|0x0000000087500000, 0x0000000087500000, 0x0000000087600000|  0%| F|  |TAMS 0x0000000087500000| PB 0x0000000087500000| Untracked 
|  30|0x0000000087600000, 0x0000000087600000, 0x0000000087700000|  0%| F|  |TAMS 0x0000000087600000| PB 0x0000000087600000| Untracked 
|  31|0x0000000087700000, 0x0000000087700000, 0x0000000087800000|  0%| F|  |TAMS 0x0000000087700000| PB 0x0000000087700000| Untracked 
|  32|0x0000000087800000, 0x0000000087800000, 0x0000000087900000|  0%| F|  |TAMS 0x0000000087800000| PB 0x0000000087800000| Untracked 
|  33|0x0000000087900000, 0x0000000087900000, 0x0000000087a00000|  0%| F|  |TAMS 0x0000000087900000| PB 0x0000000087900000| Untracked 
|  34|0x0000000087a00000, 0x0000000087a00000, 0x0000000087b00000|  0%| F|  |TAMS 0x0000000087a00000| PB 0x0000000087a00000| Untracked 
|  35|0x0000000087b00000, 0x0000000087b00000, 0x0000000087c00000|  0%| F|  |TAMS 0x0000000087b00000| PB 0x0000000087b00000| Untracked 
|  36|0x0000000087c00000, 0x0000000087c00000, 0x0000000087d00000|  0%| F|  |TAMS 0x0000000087c00000| PB 0x0000000087c00000| Untracked 
|  37|0x0000000087d00000, 0x0000000087d00000, 0x0000000087e00000|  0%| F|  |TAMS 0x0000000087d00000| PB 0x0000000087d00000| Untracked 
|  38|0x0000000087e00000, 0x0000000087e00000, 0x0000000087f00000|  0%| F|  |TAMS 0x0000000087e00000| PB 0x0000000087e00000| Untracked 
|  39|0x0000000087f00000, 0x0000000087f00000, 0x0000000088000000|  0%| F|  |TAMS 0x0000000087f00000| PB 0x0000000087f00000| Untracked 
|  40|0x0000000088000000, 0x0000000088000000, 0x0000000088100000|  0%| F|  |TAMS 0x0000000088000000| PB 0x0000000088000000| Untracked 
|  41|0x0000000088100000, 0x0000000088100000, 0x0000000088200000|  0%| F|  |TAMS 0x0000000088100000| PB 0x0000000088100000| Untracked 
|  42|0x0000000088200000, 0x0000000088200000, 0x0000000088300000|  0%| F|  |TAMS 0x0000000088200000| PB 0x0000000088200000| Untracked 
|  43|0x0000000088300000, 0x0000000088300000, 0x0000000088400000|  0%| F|  |TAMS 0x0000000088300000| PB 0x0000000088300000| Untracked 
|  44|0x0000000088400000, 0x0000000088400000, 0x0000000088500000|  0%| F|  |TAMS 0x0000000088400000| PB 0x0000000088400000| Untracked 
|  45|0x0000000088500000, 0x0000000088500000, 0x0000000088600000|  0%| F|  |TAMS 0x0000000088500000| PB 0x0000000088500000| Untracked 
|  46|0x0000000088600000, 0x0000000088600000, 0x0000000088700000|  0%| F|  |TAMS 0x0000000088600000| PB 0x0000000088600000| Untracked 
|  47|0x0000000088700000, 0x0000000088700000, 0x0000000088800000|  0%| F|  |TAMS 0x0000000088700000| PB 0x0000000088700000| Untracked 
|  48|0x0000000088800000, 0x0000000088800000, 0x0000000088900000|  0%| F|  |TAMS 0x0000000088800000| PB 0x0000000088800000| Untracked 
|  49|0x0000000088900000, 0x0000000088900000, 0x0000000088a00000|  0%| F|  |TAMS 0x0000000088900000| PB 0x0000000088900000| Untracked 
|  50|0x0000000088a00000, 0x0000000088a00000, 0x0000000088b00000|  0%| F|  |TAMS 0x0000000088a00000| PB 0x0000000088a00000| Untracked 
|  51|0x0000000088b00000, 0x0000000088b00000, 0x0000000088c00000|  0%| F|  |TAMS 0x0000000088b00000| PB 0x0000000088b00000| Untracked 
|  52|0x0000000088c00000, 0x0000000088c00000, 0x0000000088d00000|  0%| F|  |TAMS 0x0000000088c00000| PB 0x0000000088c00000| Untracked 
|  53|0x0000000088d00000, 0x0000000088d00000, 0x0000000088e00000|  0%| F|  |TAMS 0x0000000088d00000| PB 0x0000000088d00000| Untracked 
|  54|0x0000000088e00000, 0x0000000088e00000, 0x0000000088f00000|  0%| F|  |TAMS 0x0000000088e00000| PB 0x0000000088e00000| Untracked 
|  55|0x0000000088f00000, 0x0000000088f00000, 0x0000000089000000|  0%| F|  |TAMS 0x0000000088f00000| PB 0x0000000088f00000| Untracked 
|  56|0x0000000089000000, 0x0000000089000000, 0x0000000089100000|  0%| F|  |TAMS 0x0000000089000000| PB 0x0000000089000000| Untracked 
|  57|0x0000000089100000, 0x0000000089100000, 0x0000000089200000|  0%| F|  |TAMS 0x0000000089100000| PB 0x0000000089100000| Untracked 
|  58|0x0000000089200000, 0x0000000089200000, 0x0000000089300000|  0%| F|  |TAMS 0x0000000089200000| PB 0x0000000089200000| Untracked 
|  59|0x0000000089300000, 0x0000000089300000, 0x0000000089400000|  0%| F|  |TAMS 0x0000000089300000| PB 0x0000000089300000| Untracked 
|  60|0x0000000089400000, 0x0000000089400000, 0x0000000089500000|  0%| F|  |TAMS 0x0000000089400000| PB 0x0000000089400000| Untracked 
|  61|0x0000000089500000, 0x0000000089500000, 0x0000000089600000|  0%| F|  |TAMS 0x0000000089500000| PB 0x0000000089500000| Untracked 
|  62|0x0000000089600000, 0x0000000089600000, 0x0000000089700000|  0%| F|  |TAMS 0x0000000089600000| PB 0x0000000089600000| Untracked 
|  63|0x0000000089700000, 0x0000000089700000, 0x0000000089800000|  0%| F|  |TAMS 0x0000000089700000| PB 0x0000000089700000| Untracked 
|  64|0x0000000089800000, 0x0000000089800000, 0x0000000089900000|  0%| F|  |TAMS 0x0000000089800000| PB 0x0000000089800000| Untracked 
|  65|0x0000000089900000, 0x0000000089900000, 0x0000000089a00000|  0%| F|  |TAMS 0x0000000089900000| PB 0x0000000089900000| Untracked 
|  66|0x0000000089a00000, 0x0000000089a00000, 0x0000000089b00000|  0%| F|  |TAMS 0x0000000089a00000| PB 0x0000000089a00000| Untracked 
|  67|0x0000000089b00000, 0x0000000089b00000, 0x0000000089c00000|  0%| F|  |TAMS 0x0000000089b00000| PB 0x0000000089b00000| Untracked 
|  68|0x0000000089c00000, 0x0000000089c00000, 0x0000000089d00000|  0%| F|  |TAMS 0x0000000089c00000| PB 0x0000000089c00000| Untracked 
|  69|0x0000000089d00000, 0x0000000089d00000, 0x0000000089e00000|  0%| F|  |TAMS 0x0000000089d00000| PB 0x0000000089d00000| Untracked 
|  70|0x0000000089e00000, 0x0000000089e00000, 0x0000000089f00000|  0%| F|  |TAMS 0x0000000089e00000| PB 0x0000000089e00000| Untracked 
|  71|0x0000000089f00000, 0x0000000089f00000, 0x000000008a000000|  0%| F|  |TAMS 0x0000000089f00000| PB 0x0000000089f00000| Untracked 
|  72|0x000000008a000000, 0x000000008a000000, 0x000000008a100000|  0%| F|  |TAMS 0x000000008a000000| PB 0x000000008a000000| Untracked 
|  73|0x000000008a100000, 0x000000008a100000, 0x000000008a200000|  0%| F|  |TAMS 0x000000008a100000| PB 0x000000008a100000| Untracked 
|  74|0x000000008a200000, 0x000000008a200000, 0x000000008a300000|  0%| F|  |TAMS 0x000000008a200000| PB 0x000000008a200000| Untracked 
|  75|0x000000008a300000, 0x000000008a300000, 0x000000008a400000|  0%| F|  |TAMS 0x000000008a300000| PB 0x000000008a300000| Untracked 
|  76|0x000000008a400000, 0x000000008a400000, 0x000000008a500000|  0%| F|  |TAMS 0x000000008a400000| PB 0x000000008a400000| Untracked 
|  77|0x000000008a500000, 0x000000008a500000, 0x000000008a600000|  0%| F|  |TAMS 0x000000008a500000| PB 0x000000008a500000| Untracked 
|  78|0x000000008a600000, 0x000000008a600000, 0x000000008a700000|  0%| F|  |TAMS 0x000000008a600000| PB 0x000000008a600000| Untracked 
|  79|0x000000008a700000, 0x000000008a700000, 0x000000008a800000|  0%| F|  |TAMS 0x000000008a700000| PB 0x000000008a700000| Untracked 
|  80|0x000000008a800000, 0x000000008a800000, 0x000000008a900000|  0%| F|  |TAMS 0x000000008a800000| PB 0x000000008a800000| Untracked 
|  81|0x000000008a900000, 0x000000008a900000, 0x000000008aa00000|  0%| F|  |TAMS 0x000000008a900000| PB 0x000000008a900000| Untracked 
|  82|0x000000008aa00000, 0x000000008aa00000, 0x000000008ab00000|  0%| F|  |TAMS 0x000000008aa00000| PB 0x000000008aa00000| Untracked 
|  83|0x000000008ab00000, 0x000000008ab00000, 0x000000008ac00000|  0%| F|  |TAMS 0x000000008ab00000| PB 0x000000008ab00000| Untracked 
|  84|0x000000008ac00000, 0x000000008ac00000, 0x000000008ad00000|  0%| F|  |TAMS 0x000000008ac00000| PB 0x000000008ac00000| Untracked 
|  85|0x000000008ad00000, 0x000000008ad00000, 0x000000008ae00000|  0%| F|  |TAMS 0x000000008ad00000| PB 0x000000008ad00000| Untracked 
|  86|0x000000008ae00000, 0x000000008ae00000, 0x000000008af00000|  0%| F|  |TAMS 0x000000008ae00000| PB 0x000000008ae00000| Untracked 
|  87|0x000000008af00000, 0x000000008af00000, 0x000000008b000000|  0%| F|  |TAMS 0x000000008af00000| PB 0x000000008af00000| Untracked 
|  88|0x000000008b000000, 0x000000008b000000, 0x000000008b100000|  0%| F|  |TAMS 0x000000008b000000| PB 0x000000008b000000| Untracked 
|  89|0x000000008b100000, 0x000000008b100000, 0x000000008b200000|  0%| F|  |TAMS 0x000000008b100000| PB 0x000000008b100000| Untracked 
|  90|0x000000008b200000, 0x000000008b200000, 0x000000008b300000|  0%| F|  |TAMS 0x000000008b200000| PB 0x000000008b200000| Untracked 
|  91|0x000000008b300000, 0x000000008b300000, 0x000000008b400000|  0%| F|  |TAMS 0x000000008b300000| PB 0x000000008b300000| Untracked 
|  92|0x000000008b400000, 0x000000008b400000, 0x000000008b500000|  0%| F|  |TAMS 0x000000008b400000| PB 0x000000008b400000| Untracked 
|  93|0x000000008b500000, 0x000000008b500000, 0x000000008b600000|  0%| F|  |TAMS 0x000000008b500000| PB 0x000000008b500000| Untracked 
|  94|0x000000008b600000, 0x000000008b600000, 0x000000008b700000|  0%| F|  |TAMS 0x000000008b600000| PB 0x000000008b600000| Untracked 
|  95|0x000000008b700000, 0x000000008b700000, 0x000000008b800000|  0%| F|  |TAMS 0x000000008b700000| PB 0x000000008b700000| Untracked 
|  96|0x000000008b800000, 0x000000008b800000, 0x000000008b900000|  0%| F|  |TAMS 0x000000008b800000| PB 0x000000008b800000| Untracked 
|  97|0x000000008b900000, 0x000000008b900000, 0x000000008ba00000|  0%| F|  |TAMS 0x000000008b900000| PB 0x000000008b900000| Untracked 
|  98|0x000000008ba00000, 0x000000008ba00000, 0x000000008bb00000|  0%| F|  |TAMS 0x000000008ba00000| PB 0x000000008ba00000| Untracked 
|  99|0x000000008bb00000, 0x000000008bb00000, 0x000000008bc00000|  0%| F|  |TAMS 0x000000008bb00000| PB 0x000000008bb00000| Untracked 
| 100|0x000000008bc00000, 0x000000008bc00000, 0x000000008bd00000|  0%| F|  |TAMS 0x000000008bc00000| PB 0x000000008bc00000| Untracked 
| 101|0x000000008bd00000, 0x000000008bd00000, 0x000000008be00000|  0%| F|  |TAMS 0x000000008bd00000| PB 0x000000008bd00000| Untracked 
| 102|0x000000008be00000, 0x000000008be00000, 0x000000008bf00000|  0%| F|  |TAMS 0x000000008be00000| PB 0x000000008be00000| Untracked 
| 103|0x000000008bf00000, 0x000000008bf00000, 0x000000008c000000|  0%| F|  |TAMS 0x000000008bf00000| PB 0x000000008bf00000| Untracked 
| 104|0x000000008c000000, 0x000000008c000000, 0x000000008c100000|  0%| F|  |TAMS 0x000000008c000000| PB 0x000000008c000000| Untracked 
| 105|0x000000008c100000, 0x000000008c100000, 0x000000008c200000|  0%| F|  |TAMS 0x000000008c100000| PB 0x000000008c100000| Untracked 
| 106|0x000000008c200000, 0x000000008c200000, 0x000000008c300000|  0%| F|  |TAMS 0x000000008c200000| PB 0x000000008c200000| Untracked 
| 107|0x000000008c300000, 0x000000008c375e98, 0x000000008c400000| 46%| E|  |TAMS 0x000000008c300000| PB 0x000000008c300000| Complete 
| 108|0x000000008c400000, 0x000000008c500000, 0x000000008c500000|100%| E|CS|TAMS 0x000000008c400000| PB 0x000000008c400000| Complete 
| 109|0x000000008c500000, 0x000000008c600000, 0x000000008c600000|100%| E|CS|TAMS 0x000000008c500000| PB 0x000000008c500000| Complete 
| 110|0x000000008c600000, 0x000000008c700000, 0x000000008c700000|100%| E|CS|TAMS 0x000000008c600000| PB 0x000000008c600000| Complete 
| 111|0x000000008c700000, 0x000000008c800000, 0x000000008c800000|100%| E|CS|TAMS 0x000000008c700000| PB 0x000000008c700000| Complete 
| 112|0x000000008c800000, 0x000000008c900000, 0x000000008c900000|100%| E|CS|TAMS 0x000000008c800000| PB 0x000000008c800000| Complete 
| 113|0x000000008c900000, 0x000000008ca00000, 0x000000008ca00000|100%| E|CS|TAMS 0x000000008c900000| PB 0x000000008c900000| Complete 
| 114|0x000000008ca00000, 0x000000008cb00000, 0x000000008cb00000|100%| E|CS|TAMS 0x000000008ca00000| PB 0x000000008ca00000| Complete 
| 115|0x000000008cb00000, 0x000000008cc00000, 0x000000008cc00000|100%| E|CS|TAMS 0x000000008cb00000| PB 0x000000008cb00000| Complete 
| 116|0x000000008cc00000, 0x000000008cd00000, 0x000000008cd00000|100%| E|CS|TAMS 0x000000008cc00000| PB 0x000000008cc00000| Complete 
| 117|0x000000008cd00000, 0x000000008ce00000, 0x000000008ce00000|100%| E|  |TAMS 0x000000008cd00000| PB 0x000000008cd00000| Complete 
| 118|0x000000008ce00000, 0x000000008cf00000, 0x000000008cf00000|100%| E|CS|TAMS 0x000000008ce00000| PB 0x000000008ce00000| Complete 
| 119|0x000000008cf00000, 0x000000008d000000, 0x000000008d000000|100%| E|CS|TAMS 0x000000008cf00000| PB 0x000000008cf00000| Complete 
| 120|0x000000008d000000, 0x000000008d100000, 0x000000008d100000|100%| E|CS|TAMS 0x000000008d000000| PB 0x000000008d000000| Complete 
| 121|0x000000008d100000, 0x000000008d200000, 0x000000008d200000|100%| E|CS|TAMS 0x000000008d100000| PB 0x000000008d100000| Complete 
| 122|0x000000008d200000, 0x000000008d300000, 0x000000008d300000|100%| E|CS|TAMS 0x000000008d200000| PB 0x000000008d200000| Complete 
| 123|0x000000008d300000, 0x000000008d400000, 0x000000008d400000|100%| E|CS|TAMS 0x000000008d300000| PB 0x000000008d300000| Complete 

Card table byte_map: [0x0000026cdc2e0000,0x0000026cdc6c0000] _byte_map_base: 0x0000026cdbeb4000

Marking Bits: (CMBitMap*) 0x0000026cc7abc300
 Bits: [0x0000026cdc6c0000, 0x0000026cde560000)

Polling page: 0x0000026cc7770000

Metaspace:

Usage:
  Non-class:     15.07 MB used.
      Class:      1.83 MB used.
       Both:     16.90 MB used.

Virtual space:
  Non-class space:       64.00 MB reserved,      15.19 MB ( 24%) committed,  1 nodes.
      Class space:        1.00 GB reserved,       1.94 MB ( <1%) committed,  1 nodes.
             Both:        1.06 GB reserved,      17.12 MB (  2%) committed. 

Chunk freelists:
   Non-Class:  668.00 KB
       Class:  14.04 MB
        Both:  14.69 MB

MaxMetaspaceSize: unlimited
CompressedClassSpaceSize: 1.00 GB
Initial GC threshold: 21.00 MB
Current GC threshold: 21.00 MB
CDS: off
 - commit_granule_bytes: 65536.
 - commit_granule_words: 8192.
 - virtual_space_node_default_size: 8388608.
 - enlarge_chunks_in_place: 1.
 - use_allocation_guard: 0.


Internal statistics:

num_allocs_failed_limit: 0.
num_arena_births: 218.
num_arena_deaths: 0.
num_vsnodes_births: 2.
num_vsnodes_deaths: 0.
num_space_committed: 274.
num_space_uncommitted: 0.
num_chunks_returned_to_freelist: 0.
num_chunks_taken_from_freelist: 418.
num_chunk_merges: 0.
num_chunk_splits: 227.
num_chunks_enlarged: 104.
num_inconsistent_stats: 0.

CodeHeap 'non-profiled nmethods': size=120000Kb used=405Kb max_used=405Kb free=119594Kb
 bounds [0x0000026cd3d50000, 0x0000026cd3fc0000, 0x0000026cdb280000]
CodeHeap 'profiled nmethods': size=120000Kb used=1897Kb max_used=1897Kb free=118102Kb
 bounds [0x0000026ccc280000, 0x0000026ccc4f0000, 0x0000026cd37b0000]
CodeHeap 'non-nmethods': size=5760Kb used=1411Kb max_used=1433Kb free=4348Kb
 bounds [0x0000026cd37b0000, 0x0000026cd3a20000, 0x0000026cd3d50000]
 total_blobs=1720 nmethods=1203 adapters=422
 compilation: enabled
              stopped_count=0, restarted_count=0
 full_count=0

Compilation events (20 events):
Event: 4.572 Thread 0x0000026ce14053a0 1116   !   3       jdk.internal.loader.BuiltinClassLoader::findClassInModuleOrNull (85 bytes)
Event: 4.573 Thread 0x0000026ce14053a0 nmethod 1116 0x0000026ccc42f290 code [0x0000026ccc42f4a0, 0x0000026ccc42f8f0]
Event: 4.574 Thread 0x0000026ce14053a0 1117       3       java.nio.ByteBuffer::arrayOffset (35 bytes)
Event: 4.574 Thread 0x0000026ce14053a0 nmethod 1117 0x0000026ccc42fb10 code [0x0000026ccc42fce0, 0x0000026ccc42ffa8]
Event: 4.574 Thread 0x0000026ce14053a0 1119       3       jdk.internal.misc.Unsafe::checkSize (32 bytes)
Event: 4.575 Thread 0x0000026ce14053a0 nmethod 1119 0x0000026ccc430110 code [0x0000026ccc4302c0, 0x0000026ccc430528]
Event: 4.575 Thread 0x0000026ce14053a0 1120       3       java.nio.ByteBuffer::wrap (8 bytes)
Event: 4.575 Thread 0x0000026ce14053a0 nmethod 1120 0x0000026ccc430610 code [0x0000026ccc4307c0, 0x0000026ccc4308e8]
Event: 4.575 Thread 0x0000026ce14053a0 1121       3       java.lang.invoke.MemberName::<init> (139 bytes)
Event: 4.576 Thread 0x0000026ce14053a0 nmethod 1121 0x0000026ccc430990 code [0x0000026ccc430cc0, 0x0000026ccc431dc8]
Event: 4.576 Thread 0x0000026ce14053a0 1122       3       java.lang.invoke.InnerClassLambdaMetafactory::getOpcodeOffset (38 bytes)
Event: 4.576 Thread 0x0000026ce14053a0 nmethod 1122 0x0000026ccc432310 code [0x0000026ccc4324e0, 0x0000026ccc432798]
Event: 4.576 Thread 0x0000026ce14053a0 1123       3       jdk.internal.misc.Unsafe::checkOffset (32 bytes)
Event: 4.576 Thread 0x0000026ce14053a0 nmethod 1123 0x0000026ccc432890 code [0x0000026ccc432a40, 0x0000026ccc432ca8]
Event: 4.576 Thread 0x0000026ce14053a0 1124       3       java.nio.ByteBuffer::array (35 bytes)
Event: 4.576 Thread 0x0000026ce14053a0 nmethod 1124 0x0000026ccc432d90 code [0x0000026ccc432f60, 0x0000026ccc433228]
Event: 4.577 Thread 0x0000026ce14053a0 1125       3       java.lang.invoke.MemberName::hashCode (43 bytes)
Event: 4.577 Thread 0x0000026ce14053a0 nmethod 1125 0x0000026ccc433390 code [0x0000026ccc4335e0, 0x0000026ccc4341a8]
Event: 4.577 Thread 0x0000026ce14053a0 1126       3       java.util.Objects::hash (5 bytes)
Event: 4.577 Thread 0x0000026ce14053a0 nmethod 1126 0x0000026ccc434510 code [0x0000026ccc4346c0, 0x0000026ccc4347d8]

GC Heap History (0 events):
No events

Dll operation events (2 events):
Event: 0.008 Loaded shared library C:\Program Files\Android\Android Studio\jbr\bin\java.dll
Event: 0.011 Loaded shared library C:\Program Files\Android\Android Studio\jbr\bin\zip.dll

Deoptimization events (20 events):
Event: 0.475 Thread 0x0000026ce1ad3c00 Uncommon trap: trap_request=0xffffff66 fr.pc=0x0000026cd3daa5f8 relative=0x0000000000000318
Event: 0.475 Thread 0x0000026ce1ad3c00 Uncommon trap: reason=speculate_class_check action=maybe_recompile pc=0x0000026cd3daa5f8 method=sun.security.util.math.intpoly.IntegerPolynomial.multByInt([JJ)V @ 26 c2
Event: 0.475 Thread 0x0000026ce1ad3c00 DEOPT PACKING pc=0x0000026cd3daa5f8 sp=0x000000f4982fe000
Event: 0.475 Thread 0x0000026ce1ad3c00 DEOPT UNPACKING pc=0x0000026cd38046a2 sp=0x000000f4982fdf40 mode 2
Event: 0.475 Thread 0x0000026ce1ad3c00 Uncommon trap: trap_request=0xffffffde fr.pc=0x0000026cd3da4f1c relative=0x000000000000025c
Event: 0.475 Thread 0x0000026ce1ad3c00 Uncommon trap: reason=class_check action=maybe_recompile pc=0x0000026cd3da4f1c method=sun.security.util.math.intpoly.IntegerPolynomial.multByInt([JJ)V @ 26 c2
Event: 0.475 Thread 0x0000026ce1ad3c00 DEOPT PACKING pc=0x0000026cd3da4f1c sp=0x000000f4982fdf70
Event: 0.475 Thread 0x0000026ce1ad3c00 DEOPT UNPACKING pc=0x0000026cd38046a2 sp=0x000000f4982fdf40 mode 2
Event: 0.475 Thread 0x0000026ce1ad3c00 Uncommon trap: trap_request=0xffffffde fr.pc=0x0000026cd3da4f1c relative=0x000000000000025c
Event: 0.475 Thread 0x0000026ce1ad3c00 Uncommon trap: reason=class_check action=maybe_recompile pc=0x0000026cd3da4f1c method=sun.security.util.math.intpoly.IntegerPolynomial.multByInt([JJ)V @ 26 c2
Event: 0.475 Thread 0x0000026ce1ad3c00 DEOPT PACKING pc=0x0000026cd3da4f1c sp=0x000000f4982fdf70
Event: 0.475 Thread 0x0000026ce1ad3c00 DEOPT UNPACKING pc=0x0000026cd38046a2 sp=0x000000f4982fdf40 mode 2
Event: 0.475 Thread 0x0000026ce1ad3c00 Uncommon trap: trap_request=0xffffffde fr.pc=0x0000026cd3da4f1c relative=0x000000000000025c
Event: 0.475 Thread 0x0000026ce1ad3c00 Uncommon trap: reason=class_check action=maybe_recompile pc=0x0000026cd3da4f1c method=sun.security.util.math.intpoly.IntegerPolynomial.multByInt([JJ)V @ 26 c2
Event: 0.475 Thread 0x0000026ce1ad3c00 DEOPT PACKING pc=0x0000026cd3da4f1c sp=0x000000f4982fdf70
Event: 0.475 Thread 0x0000026ce1ad3c00 DEOPT UNPACKING pc=0x0000026cd38046a2 sp=0x000000f4982fdf40 mode 2
Event: 0.475 Thread 0x0000026ce1ad3c00 Uncommon trap: trap_request=0xffffffde fr.pc=0x0000026cd3da4f1c relative=0x000000000000025c
Event: 0.475 Thread 0x0000026ce1ad3c00 Uncommon trap: reason=class_check action=maybe_recompile pc=0x0000026cd3da4f1c method=sun.security.util.math.intpoly.IntegerPolynomial.multByInt([JJ)V @ 26 c2
Event: 0.475 Thread 0x0000026ce1ad3c00 DEOPT PACKING pc=0x0000026cd3da4f1c sp=0x000000f4982fdf70
Event: 0.475 Thread 0x0000026ce1ad3c00 DEOPT UNPACKING pc=0x0000026cd38046a2 sp=0x000000f4982fdf40 mode 2

Classes loaded (20 events):
Event: 0.506 Loading class sun/security/ssl/Finished$T12VerifyDataGenerator
Event: 0.506 Loading class sun/security/ssl/Finished$T12VerifyDataGenerator done
Event: 0.506 Loading class sun/security/ssl/Finished$T13VerifyDataGenerator
Event: 0.506 Loading class sun/security/ssl/Finished$T13VerifyDataGenerator done
Event: 0.507 Loading class sun/security/ssl/Finished$1
Event: 0.507 Loading class sun/security/ssl/Finished$1 done
Event: 0.507 Loading class sun/security/ssl/SSLBasicKeyDerivation
Event: 0.507 Loading class sun/security/ssl/SSLBasicKeyDerivation done
Event: 0.507 Loading class sun/security/ssl/SSLBasicKeyDerivation$SecretSizeSpec
Event: 0.507 Loading class sun/security/ssl/SSLBasicKeyDerivation$SecretSizeSpec done
Event: 0.508 Loading class jdk/internal/event/TLSHandshakeEvent
Event: 0.508 Loading class jdk/internal/event/TLSHandshakeEvent done
Event: 0.508 Loading class com/sun/crypto/provider/GaloisCounterMode$GCMEncrypt
Event: 0.508 Loading class com/sun/crypto/provider/GaloisCounterMode$GCMEncrypt done
Event: 0.508 Loading class com/sun/crypto/provider/GaloisCounterMode$EncryptOp
Event: 0.508 Loading class com/sun/crypto/provider/GaloisCounterMode$EncryptOp done
Event: 0.509 Loading class sun/security/ssl/CipherSuite$1
Event: 0.509 Loading class sun/security/ssl/CipherSuite$1 done
Event: 0.510 Loading class java/util/concurrent/CompletionException
Event: 0.510 Loading class java/util/concurrent/CompletionException done

Classes unloaded (0 events):
No events

Classes redefined (0 events):
No events

Internal exceptions (20 events):
Event: 0.169 Thread 0x0000026cc7593c30 Exception <a 'sun/nio/fs/WindowsException'{0x000000008d0e1c90}> (0x000000008d0e1c90) 
thrown [s\src\hotspot\share\prims\jni.cpp, line 537]
Event: 0.223 Thread 0x0000026cc7593c30 Exception <a 'java/lang/NoSuchMethodError'{0x000000008ce77778}: 'java.lang.Object java.lang.invoke.DirectMethodHandle$Holder.invokeStaticInit(java.lang.Object, java.lang.Object, int, int, int, int)'> (0x000000008ce77778) 
thrown [s\src\hotspot\share\interpreter\linkResolver.cpp, line 784]
Event: 0.238 Thread 0x0000026cc7593c30 Exception <a 'java/lang/NoSuchMethodError'{0x000000008cd1e6f8}: 'java.lang.Object java.lang.invoke.DirectMethodHandle$Holder.invokeStaticInit(java.lang.Object, java.lang.Object, int)'> (0x000000008cd1e6f8) 
thrown [s\src\hotspot\share\interpreter\linkResolver.cpp, line 784]
Event: 0.238 Thread 0x0000026cc7593c30 Exception <a 'java/lang/NoSuchMethodError'{0x000000008cd24600}: 'java.lang.Object java.lang.invoke.DirectMethodHandle$Holder.newInvokeSpecial(java.lang.Object, java.lang.Object, int)'> (0x000000008cd24600) 
thrown [s\src\hotspot\share\interpreter\linkResolver.cpp, line 784]
Event: 0.240 Thread 0x0000026cc7593c30 Exception <a 'java/lang/NoSuchMethodError'{0x000000008cd37d38}: 'int java.lang.invoke.DirectMethodHandle$Holder.invokeSpecialIFC(java.lang.Object, java.lang.Object, java.lang.Object)'> (0x000000008cd37d38) 
thrown [s\src\hotspot\share\interpreter\linkResolver.cpp, line 784]
Event: 0.251 Thread 0x0000026cc7593c30 Exception <a 'java/lang/NoSuchMethodError'{0x000000008cd6fd18}: 'java.lang.Object java.lang.invoke.Invokers$Holder.invoke_MT(java.lang.Object, java.lang.Object, java.lang.Object, java.lang.Object, java.lang.Object, java.lang.Object, java.lang.Object, java.lang.Object, java.lang.Object, java.lang.Object)'> (0x000000008cd6fd18) 
thrown [s\src\hotspot\share\interpreter\linkResolver.cpp, line 784]
Event: 0.258 Thread 0x0000026cc7593c30 Exception <a 'java/lang/NoSuchMethodError'{0x000000008cdb0920}: 'int java.lang.invoke.DirectMethodHandle$Holder.invokeSpecial(java.lang.Object, java.lang.Object, java.lang.Object, java.lang.Object)'> (0x000000008cdb0920) 
thrown [s\src\hotspot\share\interpreter\linkResolver.cpp, line 784]
Event: 0.260 Thread 0x0000026cc7593c30 Exception <a 'java/lang/NoSuchMethodError'{0x000000008cdc8fe0}: 'java.lang.Object java.lang.invoke.DelegatingMethodHandle$Holder.delegate(java.lang.Object, int, java.lang.Object, java.lang.Object)'> (0x000000008cdc8fe0) 
thrown [s\src\hotspot\share\interpreter\linkResolver.cpp, line 784]
Event: 0.261 Thread 0x0000026cc7593c30 Exception <a 'java/lang/NoSuchMethodError'{0x000000008cdd84e8}: 'int java.lang.invoke.Invokers$Holder.linkToTargetMethod(java.lang.Object, java.lang.Object, java.lang.Object)'> (0x000000008cdd84e8) 
thrown [s\src\hotspot\share\interpreter\linkResolver.cpp, line 784]
Event: 0.264 Thread 0x0000026cc7593c30 Exception <a 'java/lang/NoSuchMethodError'{0x000000008cc09c08}: 'long java.lang.invoke.DirectMethodHandle$Holder.invokeSpecial(java.lang.Object, java.lang.Object)'> (0x000000008cc09c08) 
thrown [s\src\hotspot\share\interpreter\linkResolver.cpp, line 784]
Event: 0.265 Thread 0x0000026cc7593c30 Exception <a 'java/lang/NoSuchMethodError'{0x000000008cc10958}: 'java.lang.Object java.lang.invoke.Invokers$Holder.invokeExact_MT(java.lang.Object, java.lang.Object, java.lang.Object, java.lang.Object, java.lang.Object, java.lang.Object)'> (0x000000008cc10958) 
thrown [s\src\hotspot\share\interpreter\linkResolver.cpp, line 784]
Event: 0.317 Thread 0x0000026cc7593c30 Exception <a 'java/lang/NoSuchMethodError'{0x000000008cbfb348}: 'java.lang.Object java.lang.invoke.DirectMethodHandle$Holder.newInvokeSpecial(java.lang.Object, java.lang.Object, java.lang.Object, java.lang.Object, java.lang.Object)'> (0x000000008cbfb348) 
thrown [s\src\hotspot\share\interpreter\linkResolver.cpp, line 784]
Event: 0.337 Thread 0x0000026cc7593c30 Exception <a 'java/lang/NoSuchMethodError'{0x000000008c957278}: 'java.lang.Object java.lang.invoke.DirectMethodHandle$Holder.invokeSpecial(java.lang.Object, java.lang.Object, java.lang.Object, java.lang.Object, int)'> (0x000000008c957278) 
thrown [s\src\hotspot\share\interpreter\linkResolver.cpp, line 784]
Event: 0.338 Thread 0x0000026cc7593c30 Exception <a 'java/lang/NoSuchMethodError'{0x000000008c95abe0}: 'java.lang.Object java.lang.invoke.Invokers$Holder.linkToTargetMethod(java.lang.Object, java.lang.Object, int, java.lang.Object)'> (0x000000008c95abe0) 
thrown [s\src\hotspot\share\interpreter\linkResolver.cpp, line 784]
Event: 0.342 Thread 0x0000026cc7593c30 Exception <a 'java/lang/NoSuchMethodError'{0x000000008c985eb0}: 'void java.lang.invoke.DirectMethodHandle$Holder.invokeSpecial(java.lang.Object, java.lang.Object, java.lang.Object)'> (0x000000008c985eb0) 
thrown [s\src\hotspot\share\interpreter\linkResolver.cpp, line 784]
Event: 0.350 Thread 0x0000026ce1a6abe0 Exception <a 'java/lang/NoSuchMethodError'{0x000000008cb93df0}: 'void java.lang.invoke.DirectMethodHandle$Holder.invokeStatic(java.lang.Object, java.lang.Object, int)'> (0x000000008cb93df0) 
thrown [s\src\hotspot\share\interpreter\linkResolver.cpp, line 784]
Event: 0.352 Thread 0x0000026cc7593c30 Exception <a 'java/lang/NoSuchMethodError'{0x000000008c80c128}: 'void java.lang.invoke.DirectMethodHandle$Holder.invokeSpecial(java.lang.Object, java.lang.Object, java.lang.Object, java.lang.Object, java.lang.Object)'> (0x000000008c80c128) 
thrown [s\src\hotspot\share\interpreter\linkResolver.cpp, line 784]
Event: 0.359 Thread 0x0000026ce1ad3c00 Exception <a 'java/lang/NoSuchMethodError'{0x000000008c895658}: 'void java.lang.invoke.DirectMethodHandle$Holder.invokeInterface(java.lang.Object, java.lang.Object, java.lang.Object)'> (0x000000008c895658) 
thrown [s\src\hotspot\share\interpreter\linkResolver.cpp, line 784]
Event: 0.469 Thread 0x0000026ce1ad3c00 Exception <a 'java/lang/NoSuchMethodError'{0x000000008c6e29a0}: 'void java.lang.invoke.DirectMethodHandle$Holder.invokeInterface(java.lang.Object, java.lang.Object)'> (0x000000008c6e29a0) 
thrown [s\src\hotspot\share\interpreter\linkResolver.cpp, line 784]
Event: 0.509 Thread 0x0000026ce1ad3c00 Exception <a 'java/lang/NoSuchMethodError'{0x000000008c556738}: 'void java.lang.invoke.DirectMethodHandle$Holder.invokeStatic(java.lang.Object, java.lang.Object, java.lang.Object, java.lang.Object)'> (0x000000008c556738) 
thrown [s\src\hotspot\share\interpreter\linkResolver.cpp, line 784]

ZGC Phase Switch (0 events):
No events

VM Operations (8 events):
Event: 0.079 Executing VM operation: HandshakeAllThreads (Deoptimize)
Event: 0.079 Executing VM operation: HandshakeAllThreads (Deoptimize) done
Event: 0.085 Executing VM operation: HandshakeAllThreads (Deoptimize)
Event: 0.085 Executing VM operation: HandshakeAllThreads (Deoptimize) done
Event: 0.212 Executing VM operation: HandshakeAllThreads (Deoptimize)
Event: 0.212 Executing VM operation: HandshakeAllThreads (Deoptimize) done
Event: 1.221 Executing VM operation: Cleanup
Event: 1.540 Executing VM operation: Cleanup done

Memory protections (0 events):
No events

Nmethod flushes (0 events):
No events

Events (20 events):
Event: 0.039 Thread 0x0000026cc7593c30 Thread added: 0x0000026ce13b04e0
Event: 0.043 Thread 0x0000026cc7593c30 Thread added: 0x0000026ce13b5ab0
Event: 0.043 Thread 0x0000026cc7593c30 Thread added: 0x0000026ce13b35a0
Event: 0.043 Thread 0x0000026cc7593c30 Thread added: 0x0000026ce13b4990
Event: 0.043 Thread 0x0000026cc7593c30 Thread added: 0x0000026ce13f26a0
Event: 0.043 Thread 0x0000026cc7593c30 Thread added: 0x0000026ce13f3100
Event: 0.043 Thread 0x0000026cc7593c30 Thread added: 0x0000026ce13f3b60
Event: 0.043 Thread 0x0000026cc7593c30 Thread added: 0x0000026ce1404900
Event: 0.043 Thread 0x0000026cc7593c30 Thread added: 0x0000026ce14053a0
Event: 0.062 Thread 0x0000026cc7593c30 Thread added: 0x0000026ce15a8870
Event: 0.069 Loaded shared library C:\Program Files\Android\Android Studio\jbr\bin\net.dll
Event: 0.071 Loaded shared library C:\Program Files\Android\Android Studio\jbr\bin\nio.dll
Event: 0.076 Loaded shared library C:\Program Files\Android\Android Studio\jbr\bin\zip.dll
Event: 0.126 Loaded shared library C:\Program Files\Android\Android Studio\jbr\bin\jimage.dll
Event: 0.309 Loaded shared library C:\Program Files\Android\Android Studio\jbr\bin\extnet.dll
Event: 0.313 Thread 0x0000026cc7593c30 Thread added: 0x0000026ce1a6abe0
Event: 0.358 Thread 0x0000026ce1a6abe0 Thread added: 0x0000026ce1ad3c00
Event: 0.370 Thread 0x0000026ce1a6abe0 Thread added: 0x0000026ce1b21f40
Event: 0.407 Thread 0x0000026ce1404900 Thread added: 0x0000026ce1bc7670
Event: 4.572 Thread 0x0000026ce1bc7670 Thread exited: 0x0000026ce1bc7670


Dynamic libraries:
0x00007ff6d20e0000 - 0x00007ff6d20ea000 	C:\Program Files\Android\Android Studio\jbr\bin\java.exe
0x00007ff8f2600000 - 0x00007ff8f2869000 	C:\WINDOWS\SYSTEM32\ntdll.dll
0x00007ff8f10e0000 - 0x00007ff8f11a9000 	C:\WINDOWS\System32\KERNEL32.DLL
0x00007ff8ef9c0000 - 0x00007ff8efdb3000 	C:\WINDOWS\System32\KERNELBASE.dll
0x00007ff8ef7c0000 - 0x00007ff8ef90b000 	C:\WINDOWS\System32\ucrtbase.dll
0x00007ff8cbf10000 - 0x00007ff8cbf28000 	C:\Program Files\Android\Android Studio\jbr\bin\jli.dll
0x00007ff8e7c20000 - 0x00007ff8e7c3b000 	C:\Program Files\Android\Android Studio\jbr\bin\VCRUNTIME140.dll
0x00007ff8f0790000 - 0x00007ff8f0954000 	C:\WINDOWS\System32\USER32.dll
0x00007ff8ef790000 - 0x00007ff8ef7b7000 	C:\WINDOWS\System32\win32u.dll
0x00007ff8cbfe0000 - 0x00007ff8cc273000 	C:\WINDOWS\WinSxS\amd64_microsoft.windows.common-controls_6595b64144ccf1df_6.0.26100.5074_none_3e0d6f78e32fd63f\COMCTL32.dll
0x00007ff8f0600000 - 0x00007ff8f062b000 	C:\WINDOWS\System32\GDI32.dll
0x00007ff8f1f70000 - 0x00007ff8f2019000 	C:\WINDOWS\System32\msvcrt.dll
0x00007ff8f02a0000 - 0x00007ff8f03cd000 	C:\WINDOWS\System32\gdi32full.dll
0x00007ff8ef910000 - 0x00007ff8ef9b3000 	C:\WINDOWS\System32\msvcp_win.dll
0x00007ff8f0970000 - 0x00007ff8f099f000 	C:\WINDOWS\System32\IMM32.DLL
0x00007ff8e9ae0000 - 0x00007ff8e9aec000 	C:\Program Files\Android\Android Studio\jbr\bin\vcruntime140_1.dll
0x00007ff8647b0000 - 0x00007ff86483d000 	C:\Program Files\Android\Android Studio\jbr\bin\msvcp140.dll
0x00007ff8747d0000 - 0x00007ff87545e000 	C:\Program Files\Android\Android Studio\jbr\bin\server\jvm.dll
0x00007ff8f12b0000 - 0x00007ff8f1364000 	C:\WINDOWS\System32\ADVAPI32.dll
0x00007ff8f0d90000 - 0x00007ff8f0e36000 	C:\WINDOWS\System32\sechost.dll
0x00007ff8f03e0000 - 0x00007ff8f04f8000 	C:\WINDOWS\System32\RPCRT4.dll
0x00007ff8f1b70000 - 0x00007ff8f1be4000 	C:\WINDOWS\System32\WS2_32.dll
0x00007ff8e60e0000 - 0x00007ff8e6115000 	C:\WINDOWS\SYSTEM32\WINMM.dll
0x00007ff8ef5f0000 - 0x00007ff8ef64e000 	C:\WINDOWS\SYSTEM32\POWRPROF.dll
0x00007ff8dae30000 - 0x00007ff8dae3b000 	C:\WINDOWS\SYSTEM32\VERSION.dll
0x00007ff8ef5d0000 - 0x00007ff8ef5e4000 	C:\WINDOWS\SYSTEM32\UMPDC.dll
0x00007ff8ee4f0000 - 0x00007ff8ee50b000 	C:\WINDOWS\SYSTEM32\kernel.appcore.dll
0x00007ff8de6a0000 - 0x00007ff8de6aa000 	C:\Program Files\Android\Android Studio\jbr\bin\jimage.dll
0x00007ff8eceb0000 - 0x00007ff8ed0f2000 	C:\WINDOWS\SYSTEM32\DBGHELP.DLL
0x00007ff8f1bf0000 - 0x00007ff8f1f6b000 	C:\WINDOWS\System32\combase.dll
0x00007ff8f0bb0000 - 0x00007ff8f0c87000 	C:\WINDOWS\System32\OLEAUT32.dll
0x00007ff8bc9b0000 - 0x00007ff8bc9ed000 	C:\WINDOWS\SYSTEM32\dbgcore.DLL
0x00007ff8effc0000 - 0x00007ff8f0059000 	C:\WINDOWS\System32\bcryptPrimitives.dll
0x00007ff8d5390000 - 0x00007ff8d53b0000 	C:\Program Files\Android\Android Studio\jbr\bin\java.dll
0x00007ff8cfd40000 - 0x00007ff8cfd58000 	C:\Program Files\Android\Android Studio\jbr\bin\zip.dll
0x00007ff8f1370000 - 0x00007ff8f1abd000 	C:\WINDOWS\System32\SHELL32.dll
0x00007ff8efdc0000 - 0x00007ff8eff2c000 	C:\WINDOWS\System32\wintypes.dll
0x00007ff8ed3b0000 - 0x00007ff8edc09000 	C:\WINDOWS\SYSTEM32\windows.storage.dll
0x00007ff8f11b0000 - 0x00007ff8f12a0000 	C:\WINDOWS\System32\SHCORE.dll
0x00007ff8f0590000 - 0x00007ff8f05f2000 	C:\WINDOWS\System32\shlwapi.dll
0x00007ff8ef6b0000 - 0x00007ff8ef6d9000 	C:\WINDOWS\SYSTEM32\profapi.dll
0x00007ff8d5500000 - 0x00007ff8d5510000 	C:\Program Files\Android\Android Studio\jbr\bin\net.dll
0x00007ff8e3040000 - 0x00007ff8e315f000 	C:\WINDOWS\SYSTEM32\WINHTTP.dll
0x00007ff8eeaf0000 - 0x00007ff8eeb5b000 	C:\WINDOWS\system32\mswsock.dll
0x00007ff8cfb80000 - 0x00007ff8cfb96000 	C:\Program Files\Android\Android Studio\jbr\bin\nio.dll
0x00007ff8eed90000 - 0x00007ff8eedab000 	C:\WINDOWS\SYSTEM32\CRYPTSP.dll
0x00007ff8ee4b0000 - 0x00007ff8ee4eb000 	C:\WINDOWS\system32\rsaenh.dll
0x00007ff8eeb90000 - 0x00007ff8eebbb000 	C:\WINDOWS\SYSTEM32\USERENV.dll
0x00007ff8ef680000 - 0x00007ff8ef6a6000 	C:\WINDOWS\SYSTEM32\bcrypt.dll
0x00007ff8eedb0000 - 0x00007ff8eedbc000 	C:\WINDOWS\SYSTEM32\CRYPTBASE.dll
0x00007ff8edf40000 - 0x00007ff8edf74000 	C:\WINDOWS\SYSTEM32\IPHLPAPI.DLL
0x00007ff8f0fe0000 - 0x00007ff8f0fea000 	C:\WINDOWS\System32\NSI.dll
0x00007ff8d3780000 - 0x00007ff8d3788000 	C:\WINDOWS\system32\wshunix.dll
0x00007ff8d4df0000 - 0x00007ff8d4df9000 	C:\Program Files\Android\Android Studio\jbr\bin\extnet.dll

dbghelp: loaded successfully - version: 4.0.5 - missing functions: none
symbol engine: initialized successfully - sym options: 0x614 - pdb path: .;C:\Program Files\Android\Android Studio\jbr\bin;C:\WINDOWS\SYSTEM32;C:\WINDOWS\WinSxS\amd64_microsoft.windows.common-controls_6595b64144ccf1df_6.0.26100.5074_none_3e0d6f78e32fd63f;C:\Program Files\Android\Android Studio\jbr\bin\server

VM Arguments:
java_command: git4idea.http.GitAskPassApp Password for 'https://jas0nay@github.com': 
java_class_path (initial): C:/Program Files/Android/Android Studio/plugins/vcs-git/lib/git4idea-rt.jar;C:/Program Files/Android/Android Studio/lib/externalProcess-rt.jar
Launcher Type: SUN_STANDARD

[Global flags]
     intx CICompilerCount                          = 4                                         {product} {ergonomic}
     uint ConcGCThreads                            = 3                                         {product} {ergonomic}
     uint G1ConcRefinementThreads                  = 10                                        {product} {ergonomic}
   size_t G1HeapRegionSize                         = 1048576                                   {product} {ergonomic}
    uintx GCDrainStackTargetSize                   = 64                                        {product} {ergonomic}
   size_t InitialHeapSize                          = 130023424                                 {product} {ergonomic}
   size_t MarkStackSize                            = 4194304                                   {product} {ergonomic}
   size_t MaxHeapSize                              = 2055208960                                {product} {ergonomic}
   size_t MaxNewSize                               = 1233125376                                {product} {ergonomic}
   size_t MinHeapDeltaBytes                        = 1048576                                   {product} {ergonomic}
   size_t MinHeapSize                              = 8388608                                   {product} {ergonomic}
    uintx NonNMethodCodeHeapSize                   = 5839372                                {pd product} {ergonomic}
    uintx NonProfiledCodeHeapSize                  = 122909434                              {pd product} {ergonomic}
    uintx ProfiledCodeHeapSize                     = 122909434                              {pd product} {ergonomic}
    uintx ReservedCodeCacheSize                    = 251658240                              {pd product} {ergonomic}
     bool SegmentedCodeCache                       = true                                      {product} {ergonomic}
   size_t SoftMaxHeapSize                          = 2055208960                             {manageable} {ergonomic}
     bool UseCompressedOops                        = true                           {product lp64_product} {ergonomic}
     bool UseG1GC                                  = true                                      {product} {ergonomic}
     bool UseLargePagesIndividualAllocation        = false                                  {pd product} {ergonomic}

Logging:
Log output configuration:
 #0: stdout all=warning uptime,level,tags foldmultilines=false
 #1: stderr all=off uptime,level,tags foldmultilines=false

Environment Variables:
PATH=C:/Program Files/Git/mingw64/libexec/git-core;C:/Program Files/Git/mingw64/libexec/git-core;C:\Program Files\Git\mingw64\bin;C:\Program Files\Git\usr\bin;C:\Users\jason\bin;C:\Program Files\Common Files\Oracle\Java\javapath;C:\windows\system32;C:\windows;C:\windows\System32\Wbem;C:\windows\System32\WindowsPowerShell\v1.0\;C:\windows\System32\OpenSSH\;C:\Program Files\HP\HP One Agent;C:\Program Files\PuTTY\;C:\WINDOWS\system32;C:\WINDOWS;C:\WINDOWS\System32\Wbem;C:\WINDOWS\System32\WindowsPowerShell\v1.0\;C:\WINDOWS\System32\OpenSSH\;C:\Program Files\Git\cmd;C:\Users\jason\AppData\Local\Programs\Python\Python313\Scripts\;C:\Users\jason\AppData\Local\Programs\Python\Python313\;C:\Users\jason\AppData\Local\Microsoft\WindowsApps;C:\Users\jason\AppData\Local\GitHubDesktop\bin
USERNAME=jason
DISPLAY=:0.0
LC_ALL=en_US.UTF-8
TERM=xterm-256color
TMPDIR=C:\Users\jason\AppData\Local\Temp
OS=Windows_NT
PROCESSOR_IDENTIFIER=Intel64 Family 6 Model 154 Stepping 4, GenuineIntel
TMP=C:\Users\jason\AppData\Local\Temp
TEMP=C:\Users\jason\AppData\Local\Temp




Periodic native trim disabled

JNI global refs:
JNI global refs: 20, weak refs: 0

JNI global refs memory usage: 835, weak refs: 201

Process memory usage:
Resident Set Size: 84700K (1% of 8023820K total physical memory with 523696K free physical memory)

OOME stack traces (most recent first):
Classloader memory used:
Loader bootstrap                                                                       : 15377K
Loader jdk.internal.loader.ClassLoaders$PlatformClassLoader                            : 1906K
Loader jdk.internal.loader.ClassLoaders$AppClassLoader                                 : 20432B

---------------  S Y S T E M  ---------------

OS:
 Windows 11 , 64 bit Build 26100 (10.0.26100.5074)
OS uptime: 27 days 7:20 hours
Hyper-V role detected

CPU: total 12 (initial active 12) (6 cores per cpu, 2 threads per core) family 6 model 154 stepping 4 microcode 0x434, cx8, cmov, fxsr, ht, mmx, 3dnowpref, sse, sse2, sse3, ssse3, sse4.1, sse4.2, popcnt, lzcnt, tsc, tscinvbit, avx, avx2, aes, erms, clmul, bmi1, bmi2, adx, sha, fma, vzeroupper, clflush, clflushopt, clwb, hv, serialize, rdtscp, rdpid, fsrm, f16c, cet_ibt, cet_ss
Processor Information for processor 0
  Max Mhz: 1300, Current Mhz: 1300, Mhz Limit: 1300
Processor Information for processor 1
  Max Mhz: 1300, Current Mhz: 1300, Mhz Limit: 1300
Processor Information for processor 2
  Max Mhz: 1300, Current Mhz: 1300, Mhz Limit: 1300
Processor Information for processor 3
  Max Mhz: 1300, Current Mhz: 1300, Mhz Limit: 1300
Processor Information for processor 4
  Max Mhz: 1300, Current Mhz: 900, Mhz Limit: 897
Processor Information for processor 5
  Max Mhz: 1300, Current Mhz: 900, Mhz Limit: 897
Processor Information for processor 6
  Max Mhz: 1300, Current Mhz: 900, Mhz Limit: 897
Processor Information for processor 7
  Max Mhz: 1300, Current Mhz: 900, Mhz Limit: 897
Processor Information for processor 8
  Max Mhz: 1300, Current Mhz: 900, Mhz Limit: 897
Processor Information for processor 9
  Max Mhz: 1300, Current Mhz: 900, Mhz Limit: 897
Processor Information for processor 10
  Max Mhz: 1300, Current Mhz: 900, Mhz Limit: 897
Processor Information for processor 11
  Max Mhz: 1300, Current Mhz: 900, Mhz Limit: 897

Memory: 4k page, system-wide physical 7835M (507M free)
TotalPageFile size 31387M (AvailPageFile size 3M)
current process WorkingSet (physical memory assigned to process): 82M, peak: 83M
current process commit charge ("private bytes"): 231M, peak: 234M

vm_info: OpenJDK 64-Bit Server VM (21.0.7+-13880790-b1038.58) for windows-amd64 JRE (21.0.7+-13880790-b1038.58), built on 2025-08-04T20:56:21Z by "builder" with MS VC++ 16.10 / 16.11 (VS2019)

END.
