#
# There is insufficient memory for the Java Runtime Environment to continue.
# Native memory allocation (mmap) failed to map 408944640 bytes for G1 virtual space
# Possible reasons:
#   The system is out of physical RAM or swap space
#   The process is running with CompressedOops enabled, and the Java Heap may be blocking the growth of the native heap
# Possible solutions:
#   Reduce memory load on the system
#   Increase physical memory or swap space
#   Check if swap backing store is full
#   Decrease Java heap size (-Xmx/-Xms)
#   Decrease number of Java threads
#   Decrease Java thread stack sizes (-Xss)
#   Set larger code cache with -XX:ReservedCodeCacheSize=
#   JVM is running with Unscaled Compressed Oops mode in which the Java heap is
#     placed in the first 4GB address space. The Java Heap base address is the
#     maximum limit for the native heap growth. Please use -XX:HeapBaseMinAddress
#     to set the Java Heap base and to place the Java Heap above 4GB virtual address.
# This output file may be truncated or incomplete.
#
#  Out of Memory Error (os_windows.cpp:3548), pid=4632, tid=25572
#
# JRE version: Java(TM) SE Runtime Environment (17.0.12+8) (build 17.0.12+8-LTS-286)
# Java VM: Java HotSpot(TM) 64-Bit Server VM (17.0.12+8-LTS-286, mixed mode, sharing, tiered, compressed oops, compressed class ptrs, g1 gc, windows-amd64)
# No core dump will be written. Minidumps are not enabled by default on client versions of Windows
#

---------------  S U M M A R Y ------------

Command Line: -Dfile.encoding=UTF-8 -Duser.country=US -Duser.language=en -Duser.variant com.example.meepmeeptesting.MeepMeepTesting

Host: 12th Gen Intel(R) Core(TM) i5-1235U, 12 cores, 7G,  Windows 11 , 64 bit Build 26100 (10.0.26100.5074)
Time: Tue Oct 14 16:51:01 2025 Eastern Daylight Time elapsed time: 2.124678 seconds (0d 0h 0m 2s)

---------------  T H R E A D  ---------------

Current thread (0x00000274e161e8d0):  VMThread "VM Thread" [stack: 0x00000077e1800000,0x00000077e1900000] [id=25572]

Stack: [0x00000077e1800000,0x00000077e1900000]
Native frames: (J=compiled Java code, j=interpreted, Vv=VM code, C=native code)
V  [jvm.dll+0x67a04a]
V  [jvm.dll+0x7da4ed]
V  [jvm.dll+0x7dbe33]
V  [jvm.dll+0x7dc4a3]
V  [jvm.dll+0x24508f]
V  [jvm.dll+0x677089]
V  [jvm.dll+0x66bd32]
V  [jvm.dll+0x301fa6]
V  [jvm.dll+0x309546]
V  [jvm.dll+0x359d2e]
V  [jvm.dll+0x359f5f]
V  [jvm.dll+0x2d9078]
V  [jvm.dll+0x2d74ad]
V  [jvm.dll+0x2d6afc]
V  [jvm.dll+0x31a65b]
V  [jvm.dll+0x7e0d9b]
V  [jvm.dll+0x7e1ad4]
V  [jvm.dll+0x7e1fed]
V  [jvm.dll+0x7e23c4]
V  [jvm.dll+0x7e2490]
V  [jvm.dll+0x78abea]
V  [jvm.dll+0x678f35]
C  [ucrtbase.dll+0x37b0]
C  [KERNEL32.DLL+0x2e8d7]
C  [ntdll.dll+0x8d9c]

VM_Operation (0x00000077e12fe9a0): G1CollectForAllocation, mode: safepoint, requested by thread 0x00000274c32ff630


---------------  P R O C E S S  ---------------

Threads class SMR info:
_java_thread_list=0x00000275275c3ab0, length=17, elements={
0x00000274c32ff630, 0x00000274e1624a20, 0x00000274e16253e0, 0x00000274e1639720,
0x00000274e163b000, 0x00000274e163b9c0, 0x00000274e163c380, 0x00000274e163d070,
0x00000274e163db20, 0x00000274e163f440, 0x00000274e189c5f0, 0x00000274e18ab350,
0x00000274e1b56dd0, 0x00000274e1b5a6d0, 0x00000274e1b61a90, 0x0000027527447f10,
0x00000275275a37b0
}

Java Threads: ( => current thread )
  0x00000274c32ff630 JavaThread "main" [_thread_blocked, id=1836, stack(0x00000077e1200000,0x00000077e1300000)]
  0x00000274e1624a20 JavaThread "Reference Handler" daemon [_thread_blocked, id=21724, stack(0x00000077e1900000,0x00000077e1a00000)]
  0x00000274e16253e0 JavaThread "Finalizer" daemon [_thread_blocked, id=37828, stack(0x00000077e1a00000,0x00000077e1b00000)]
  0x00000274e1639720 JavaThread "Signal Dispatcher" daemon [_thread_blocked, id=21148, stack(0x00000077e1b00000,0x00000077e1c00000)]
  0x00000274e163b000 JavaThread "Attach Listener" daemon [_thread_blocked, id=14952, stack(0x00000077e1c00000,0x00000077e1d00000)]
  0x00000274e163b9c0 JavaThread "Service Thread" daemon [_thread_blocked, id=35256, stack(0x00000077e1d00000,0x00000077e1e00000)]
  0x00000274e163c380 JavaThread "Monitor Deflation Thread" daemon [_thread_blocked, id=27420, stack(0x00000077e1e00000,0x00000077e1f00000)]
  0x00000274e163d070 JavaThread "C2 CompilerThread0" daemon [_thread_blocked, id=19848, stack(0x00000077e1f00000,0x00000077e2000000)]
  0x00000274e163db20 JavaThread "C1 CompilerThread0" daemon [_thread_blocked, id=34680, stack(0x00000077e2000000,0x00000077e2100000)]
  0x00000274e163f440 JavaThread "Sweeper thread" daemon [_thread_blocked, id=4340, stack(0x00000077e2100000,0x00000077e2200000)]
  0x00000274e189c5f0 JavaThread "Notification Thread" daemon [_thread_blocked, id=14104, stack(0x00000077e2200000,0x00000077e2300000)]
  0x00000274e18ab350 JavaThread "Common-Cleaner" daemon [_thread_blocked, id=18764, stack(0x00000077e2400000,0x00000077e2500000)]
  0x00000274e1b56dd0 JavaThread "Java2D Disposer" daemon [_thread_blocked, id=35500, stack(0x00000077e2500000,0x00000077e2600000)]
  0x00000274e1b5a6d0 JavaThread "AWT-Shutdown" [_thread_blocked, id=29640, stack(0x00000077e2600000,0x00000077e2700000)]
  0x00000274e1b61a90 JavaThread "AWT-Windows" daemon [_thread_in_native, id=32492, stack(0x00000077e2700000,0x00000077e2800000)]
  0x0000027527447f10 JavaThread "AWT-EventQueue-0" [_thread_blocked, id=16708, stack(0x00000077e2800000,0x00000077e2900000)]
  0x00000275275a37b0 JavaThread "C2 CompilerThread1" daemon [_thread_blocked, id=8368, stack(0x00000077e2900000,0x00000077e2a00000)]

Other Threads:
=>0x00000274e161e8d0 VMThread "VM Thread" [stack: 0x00000077e1800000,0x00000077e1900000] [id=25572]
  0x00000274e18a0ae0 WatcherThread [stack: 0x00000077e2300000,0x00000077e2400000] [id=22968]
  0x00000274c3357210 GCTaskThread "GC Thread#0" [stack: 0x00000077e1300000,0x00000077e1400000] [id=32208]
  0x00000275275a42a0 GCTaskThread "GC Thread#1" [stack: 0x00000077e2a00000,0x00000077e2b00000] [id=37396]
  0x00000275276b0330 GCTaskThread "GC Thread#2" [stack: 0x00000077e2b00000,0x00000077e2c00000] [id=20404]
  0x00000275276b05f0 GCTaskThread "GC Thread#3" [stack: 0x00000077e2c00000,0x00000077e2d00000] [id=33064]
  0x000002752763e0e0 GCTaskThread "GC Thread#4" [stack: 0x00000077e2d00000,0x00000077e2e00000] [id=35076]
  0x000002752763e3a0 GCTaskThread "GC Thread#5" [stack: 0x00000077e2e00000,0x00000077e2f00000] [id=22916]
  0x00000275275d6a00 GCTaskThread "GC Thread#6" [stack: 0x00000077e2f00000,0x00000077e3000000] [id=30144]
  0x00000275275d6cc0 GCTaskThread "GC Thread#7" [stack: 0x00000077e3000000,0x00000077e3100000] [id=33092]
  0x000002752760c200 GCTaskThread "GC Thread#8" [stack: 0x00000077e3100000,0x00000077e3200000] [id=26548]
  0x00000274c3369340 ConcurrentGCThread "G1 Main Marker" [stack: 0x00000077e1400000,0x00000077e1500000] [id=33640]
  0x00000274c336a4f0 ConcurrentGCThread "G1 Conc#0" [stack: 0x00000077e1500000,0x00000077e1600000] [id=14704]
  0x0000027527a5acd0 ConcurrentGCThread "G1 Conc#1" [stack: 0x00000077e3a00000,0x00000077e3b00000] [id=31944]
  0x0000027527a44ef0 ConcurrentGCThread "G1 Conc#2" [stack: 0x00000077e3b00000,0x00000077e3c00000] [id=24676]
  0x00000274e14c20b0 ConcurrentGCThread "G1 Refine#0" [stack: 0x00000077e1600000,0x00000077e1700000] [id=30776]
  0x000002752767d4e0 ConcurrentGCThread "G1 Refine#1" [stack: 0x00000077e3200000,0x00000077e3300000] [id=30844]
  0x000002752767dde0 ConcurrentGCThread "G1 Refine#2" [stack: 0x00000077e3300000,0x00000077e3400000] [id=10212]
  0x0000027527974350 ConcurrentGCThread "G1 Refine#3" [stack: 0x00000077e3400000,0x00000077e3500000] [id=38808]
  0x0000027527975260 ConcurrentGCThread "G1 Refine#4" [stack: 0x00000077e3500000,0x00000077e3600000] [id=23440]
  0x00000275279fc0b0 ConcurrentGCThread "G1 Refine#5" [stack: 0x00000077e3600000,0x00000077e3700000] [id=14084]
  0x00000275279fcbb0 ConcurrentGCThread "G1 Refine#6" [stack: 0x00000077e3700000,0x00000077e3800000] [id=1748]
  0x0000027527835270 ConcurrentGCThread "G1 Refine#7" [stack: 0x00000077e3800000,0x00000077e3900000] [id=19696]
  0x0000027527836990 ConcurrentGCThread "G1 Refine#8" [stack: 0x00000077e3900000,0x00000077e3a00000] [id=37324]
  0x0000027527a459c0 ConcurrentGCThread "G1 Refine#9" [stack: 0x00000077e3c00000,0x00000077e3d00000] [id=35396]
  0x00000274e14c2980 ConcurrentGCThread "G1 Service" [stack: 0x00000077e1700000,0x00000077e1800000] [id=31156]

Threads with active compile tasks:

VM state: at safepoint (normal execution)

VM Mutex/Monitor currently owned by a thread:  ([mutex/lock_event])
[0x00000274c1105460] Threads_lock - owner thread: 0x00000274e161e8d0
[0x00000274c32f0700] Heap_lock - owner thread: 0x00000274c32ff630

Heap address: 0x0000000085800000, size: 1960 MB, Compressed Oops mode: 32-bit

CDS archive(s) mapped at: [0x00000274e2000000-0x00000274e2bd0000-0x00000274e2bd0000), size 12386304, SharedBaseAddress: 0x00000274e2000000, ArchiveRelocationMode: 1.
Compressed class space mapped at: 0x00000274e3000000-0x0000027523000000, reserved size: 1073741824
Narrow klass base: 0x00000274e2000000, Narrow klass shift: 0, Narrow klass range: 0x100000000

GC Precious Log:
 CPUs: 12 total, 12 available
 Memory: 7835M
 Large Page Support: Disabled
 NUMA Support: Disabled
 Compressed Oops: Enabled (32-bit)
 Heap Region Size: 1M
 Heap Min Capacity: 8M
 Heap Initial Capacity: 124M
 Heap Max Capacity: 1960M
 Pre-touch: Disabled
 Parallel Workers: 10
 Concurrent Workers: 3
 Concurrent Refinement Workers: 10
 Periodic GC: Disabled

Heap:
 garbage-first heap   total 199680K, used 178688K [0x0000000085800000, 0x0000000100000000)
  region size 1024K, 2 young (2048K), 2 survivors (2048K)
 Metaspace       used 9832K, committed 10048K, reserved 1114112K
  class space    used 998K, committed 1088K, reserved 1048576K

Heap Regions: E=young(eden), S=young(survivor), O=old, HS=humongous(starts), HC=humongous(continues), CS=collection set, F=free, OA=open archive, CA=closed archive, TAMS=top-at-mark-start (previous, next)
|   0|0x0000000085800000, 0x0000000085900000, 0x0000000085900000|100%|HS|  |TAMS 0x0000000085900000, 0x0000000085900000| Complete 
|   1|0x0000000085900000, 0x0000000085a00000, 0x0000000085a00000|100%|HC|  |TAMS 0x0000000085a00000, 0x0000000085a00000| Complete 
|   2|0x0000000085a00000, 0x0000000085b00000, 0x0000000085b00000|100%|HC|  |TAMS 0x0000000085b00000, 0x0000000085b00000| Complete 
|   3|0x0000000085b00000, 0x0000000085c00000, 0x0000000085c00000|100%|HS|  |TAMS 0x0000000085c00000, 0x0000000085c00000| Complete 
|   4|0x0000000085c00000, 0x0000000085d00000, 0x0000000085d00000|100%|HC|  |TAMS 0x0000000085d00000, 0x0000000085d00000| Complete 
|   5|0x0000000085d00000, 0x0000000085e00000, 0x0000000085e00000|100%|HC|  |TAMS 0x0000000085e00000, 0x0000000085e00000| Complete 
|   6|0x0000000085e00000, 0x0000000085f00000, 0x0000000085f00000|100%|HS|  |TAMS 0x0000000085f00000, 0x0000000085f00000| Complete 
|   7|0x0000000085f00000, 0x0000000086000000, 0x0000000086000000|100%|HC|  |TAMS 0x0000000086000000, 0x0000000086000000| Complete 
|   8|0x0000000086000000, 0x0000000086100000, 0x0000000086100000|100%|HC|  |TAMS 0x0000000086100000, 0x0000000086100000| Complete 
|   9|0x0000000086100000, 0x0000000086200000, 0x0000000086200000|100%|HC|  |TAMS 0x0000000086200000, 0x0000000086200000| Complete 
|  10|0x0000000086200000, 0x0000000086300000, 0x0000000086300000|100%|HC|  |TAMS 0x0000000086300000, 0x0000000086300000| Complete 
|  11|0x0000000086300000, 0x0000000086400000, 0x0000000086400000|100%|HC|  |TAMS 0x0000000086400000, 0x0000000086400000| Complete 
|  12|0x0000000086400000, 0x0000000086500000, 0x0000000086500000|100%| O|  |TAMS 0x0000000086400000, 0x0000000086500000| Untracked 
|  13|0x0000000086500000, 0x0000000086600000, 0x0000000086600000|100%|HS|  |TAMS 0x0000000086600000, 0x0000000086600000| Complete 
|  14|0x0000000086600000, 0x0000000086700000, 0x0000000086700000|100%|HC|  |TAMS 0x0000000086700000, 0x0000000086700000| Complete 
|  15|0x0000000086700000, 0x0000000086800000, 0x0000000086800000|100%|HC|  |TAMS 0x0000000086800000, 0x0000000086800000| Complete 
|  16|0x0000000086800000, 0x0000000086900000, 0x0000000086900000|100%| O|  |TAMS 0x0000000086800000, 0x0000000086900000| Untracked 
|  17|0x0000000086900000, 0x0000000086a00000, 0x0000000086a00000|100%| O|  |TAMS 0x00000000869cfe00, 0x0000000086a00000| Untracked 
|  18|0x0000000086a00000, 0x0000000086b00000, 0x0000000086b00000|100%| O|  |TAMS 0x0000000086a00000, 0x0000000086b00000| Untracked 
|  19|0x0000000086b00000, 0x0000000086c00000, 0x0000000086c00000|100%| O|  |TAMS 0x0000000086b00000, 0x0000000086c00000| Untracked 
|  20|0x0000000086c00000, 0x0000000086d00000, 0x0000000086d00000|100%| O|  |TAMS 0x0000000086c00000, 0x0000000086d00000| Untracked 
|  21|0x0000000086d00000, 0x0000000086e00000, 0x0000000086e00000|100%| O|  |TAMS 0x0000000086d00000, 0x0000000086e00000| Untracked 
|  22|0x0000000086e00000, 0x0000000086f00000, 0x0000000086f00000|100%| O|  |TAMS 0x0000000086e00000, 0x0000000086f00000| Untracked 
|  23|0x0000000086f00000, 0x0000000087000000, 0x0000000087000000|100%| O|  |TAMS 0x0000000086f00000, 0x0000000087000000| Untracked 
|  24|0x0000000087000000, 0x0000000087100000, 0x0000000087100000|100%| O|  |TAMS 0x0000000087000000, 0x0000000087080000| Untracked 
|  25|0x0000000087100000, 0x0000000087200000, 0x0000000087200000|100%| O|  |TAMS 0x0000000087100000, 0x0000000087100000| Untracked 
|  26|0x0000000087200000, 0x0000000087300000, 0x0000000087300000|100%| O|  |TAMS 0x0000000087200000, 0x0000000087200000| Untracked 
|  27|0x0000000087300000, 0x0000000087400000, 0x0000000087400000|100%| O|  |TAMS 0x0000000087300000, 0x0000000087300000| Untracked 
|  28|0x0000000087400000, 0x0000000087500000, 0x0000000087500000|100%| O|  |TAMS 0x0000000087400000, 0x0000000087400000| Untracked 
|  29|0x0000000087500000, 0x0000000087600000, 0x0000000087600000|100%| O|  |TAMS 0x0000000087500000, 0x0000000087500000| Untracked 
|  30|0x0000000087600000, 0x0000000087700000, 0x0000000087700000|100%| O|  |TAMS 0x0000000087600000, 0x0000000087600000| Untracked 
|  31|0x0000000087700000, 0x0000000087800000, 0x0000000087800000|100%| O|  |TAMS 0x0000000087700000, 0x0000000087700000| Untracked 
|  32|0x0000000087800000, 0x0000000087900000, 0x0000000087900000|100%| O|  |TAMS 0x0000000087800000, 0x0000000087800000| Untracked 
|  33|0x0000000087900000, 0x0000000087a00000, 0x0000000087a00000|100%| O|  |TAMS 0x0000000087900000, 0x0000000087900000| Untracked 
|  34|0x0000000087a00000, 0x0000000087b00000, 0x0000000087b00000|100%| O|  |TAMS 0x0000000087a00000, 0x0000000087a00000| Untracked 
|  35|0x0000000087b00000, 0x0000000087c00000, 0x0000000087c00000|100%| O|  |TAMS 0x0000000087b00000, 0x0000000087b00000| Untracked 
|  36|0x0000000087c00000, 0x0000000087d00000, 0x0000000087d00000|100%| O|  |TAMS 0x0000000087c00000, 0x0000000087c00000| Untracked 
|  37|0x0000000087d00000, 0x0000000087e00000, 0x0000000087e00000|100%| O|  |TAMS 0x0000000087d00000, 0x0000000087d00000| Untracked 
|  38|0x0000000087e00000, 0x0000000087f00000, 0x0000000087f00000|100%| O|  |TAMS 0x0000000087e00000, 0x0000000087e00000| Untracked 
|  39|0x0000000087f00000, 0x0000000088000000, 0x0000000088000000|100%|HS|  |TAMS 0x0000000088000000, 0x0000000088000000| Complete 
|  40|0x0000000088000000, 0x0000000088100000, 0x0000000088100000|100%|HC|  |TAMS 0x0000000088100000, 0x0000000088100000| Complete 
|  41|0x0000000088100000, 0x0000000088200000, 0x0000000088200000|100%|HC|  |TAMS 0x0000000088200000, 0x0000000088200000| Complete 
|  42|0x0000000088200000, 0x0000000088300000, 0x0000000088300000|100%|HC|  |TAMS 0x0000000088300000, 0x0000000088300000| Complete 
|  43|0x0000000088300000, 0x0000000088400000, 0x0000000088400000|100%|HC|  |TAMS 0x0000000088400000, 0x0000000088400000| Complete 
|  44|0x0000000088400000, 0x0000000088500000, 0x0000000088500000|100%|HC|  |TAMS 0x0000000088500000, 0x0000000088500000| Complete 
|  45|0x0000000088500000, 0x0000000088600000, 0x0000000088600000|100%|HC|  |TAMS 0x0000000088600000, 0x0000000088600000| Complete 
|  46|0x0000000088600000, 0x0000000088700000, 0x0000000088700000|100%|HC|  |TAMS 0x0000000088700000, 0x0000000088700000| Complete 
|  47|0x0000000088700000, 0x0000000088800000, 0x0000000088800000|100%|HC|  |TAMS 0x0000000088800000, 0x0000000088800000| Complete 
|  48|0x0000000088800000, 0x0000000088900000, 0x0000000088900000|100%|HC|  |TAMS 0x0000000088900000, 0x0000000088900000| Complete 
|  49|0x0000000088900000, 0x0000000088a00000, 0x0000000088a00000|100%|HC|  |TAMS 0x0000000088a00000, 0x0000000088a00000| Complete 
|  50|0x0000000088a00000, 0x0000000088b00000, 0x0000000088b00000|100%| O|  |TAMS 0x0000000088a00000, 0x0000000088a00000| Untracked 
|  51|0x0000000088b00000, 0x0000000088c00000, 0x0000000088c00000|100%| O|  |TAMS 0x0000000088b00000, 0x0000000088b00000| Untracked 
|  52|0x0000000088c00000, 0x0000000088d00000, 0x0000000088d00000|100%| O|  |TAMS 0x0000000088c00000, 0x0000000088c00000| Untracked 
|  53|0x0000000088d00000, 0x0000000088e00000, 0x0000000088e00000|100%| O|  |TAMS 0x0000000088d00000, 0x0000000088d00000| Untracked 
|  54|0x0000000088e00000, 0x0000000088f00000, 0x0000000088f00000|100%| O|  |TAMS 0x0000000088e00000, 0x0000000088e00000| Untracked 
|  55|0x0000000088f00000, 0x0000000089000000, 0x0000000089000000|100%| O|  |TAMS 0x0000000088f00000, 0x0000000088f00000| Untracked 
|  56|0x0000000089000000, 0x0000000089100000, 0x0000000089100000|100%| O|  |TAMS 0x0000000089000000, 0x0000000089000000| Untracked 
|  57|0x0000000089100000, 0x0000000089200000, 0x0000000089200000|100%| O|  |TAMS 0x0000000089100000, 0x0000000089100000| Untracked 
|  58|0x0000000089200000, 0x0000000089300000, 0x0000000089300000|100%| O|  |TAMS 0x0000000089200000, 0x0000000089200000| Untracked 
|  59|0x0000000089300000, 0x0000000089400000, 0x0000000089400000|100%|HS|  |TAMS 0x0000000089300000, 0x0000000089400000| Complete 
|  60|0x0000000089400000, 0x0000000089500000, 0x0000000089500000|100%|HC|  |TAMS 0x0000000089400000, 0x0000000089500000| Complete 
|  61|0x0000000089500000, 0x0000000089600000, 0x0000000089600000|100%|HC|  |TAMS 0x0000000089500000, 0x0000000089600000| Complete 
|  62|0x0000000089600000, 0x0000000089700000, 0x0000000089700000|100%|HC|  |TAMS 0x0000000089600000, 0x0000000089700000| Complete 
|  63|0x0000000089700000, 0x0000000089800000, 0x0000000089800000|100%|HC|  |TAMS 0x0000000089700000, 0x0000000089800000| Complete 
|  64|0x0000000089800000, 0x0000000089900000, 0x0000000089900000|100%|HC|  |TAMS 0x0000000089800000, 0x0000000089900000| Complete 
|  65|0x0000000089900000, 0x0000000089a00000, 0x0000000089a00000|100%|HC|  |TAMS 0x0000000089900000, 0x0000000089a00000| Complete 
|  66|0x0000000089a00000, 0x0000000089b00000, 0x0000000089b00000|100%|HC|  |TAMS 0x0000000089a00000, 0x0000000089b00000| Complete 
|  67|0x0000000089b00000, 0x0000000089c00000, 0x0000000089c00000|100%|HC|  |TAMS 0x0000000089b00000, 0x0000000089c00000| Complete 
|  68|0x0000000089c00000, 0x0000000089d00000, 0x0000000089d00000|100%|HC|  |TAMS 0x0000000089c00000, 0x0000000089d00000| Complete 
|  69|0x0000000089d00000, 0x0000000089e00000, 0x0000000089e00000|100%|HC|  |TAMS 0x0000000089d00000, 0x0000000089e00000| Complete 
|  70|0x0000000089e00000, 0x0000000089f00000, 0x0000000089f00000|100%|HC|  |TAMS 0x0000000089e00000, 0x0000000089f00000| Complete 
|  71|0x0000000089f00000, 0x000000008a000000, 0x000000008a000000|100%|HC|  |TAMS 0x0000000089f00000, 0x000000008a000000| Complete 
|  72|0x000000008a000000, 0x000000008a100000, 0x000000008a100000|100%|HC|  |TAMS 0x000000008a000000, 0x000000008a100000| Complete 
|  73|0x000000008a100000, 0x000000008a200000, 0x000000008a200000|100%|HC|  |TAMS 0x000000008a100000, 0x000000008a200000| Complete 
|  74|0x000000008a200000, 0x000000008a300000, 0x000000008a300000|100%|HC|  |TAMS 0x000000008a200000, 0x000000008a300000| Complete 
|  75|0x000000008a300000, 0x000000008a400000, 0x000000008a400000|100%| O|  |TAMS 0x000000008a300000, 0x000000008a400000| Untracked 
|  76|0x000000008a400000, 0x000000008a500000, 0x000000008a500000|100%| O|  |TAMS 0x000000008a400000, 0x000000008a500000| Untracked 
|  77|0x000000008a500000, 0x000000008a600000, 0x000000008a600000|100%| O|  |TAMS 0x000000008a500000, 0x000000008a600000| Untracked 
|  78|0x000000008a600000, 0x000000008a700000, 0x000000008a700000|100%| O|  |TAMS 0x000000008a600000, 0x000000008a700000| Untracked 
|  79|0x000000008a700000, 0x000000008a800000, 0x000000008a800000|100%| O|  |TAMS 0x000000008a700000, 0x000000008a800000| Untracked 
|  80|0x000000008a800000, 0x000000008a900000, 0x000000008a900000|100%| O|  |TAMS 0x000000008a800000, 0x000000008a900000| Untracked 
|  81|0x000000008a900000, 0x000000008aa00000, 0x000000008aa00000|100%| O|  |TAMS 0x000000008a900000, 0x000000008aa00000| Untracked 
|  82|0x000000008aa00000, 0x000000008ab00000, 0x000000008ab00000|100%| O|  |TAMS 0x000000008aa00000, 0x000000008ab00000| Untracked 
|  83|0x000000008ab00000, 0x000000008ac00000, 0x000000008ac00000|100%| O|  |TAMS 0x000000008ab00000, 0x000000008ac00000| Untracked 
|  84|0x000000008ac00000, 0x000000008ad00000, 0x000000008ad00000|100%| O|  |TAMS 0x000000008ac00000, 0x000000008ad00000| Untracked 
|  85|0x000000008ad00000, 0x000000008ae00000, 0x000000008ae00000|100%|HS|  |TAMS 0x000000008ad00000, 0x000000008ad00000| Complete 
|  86|0x000000008ae00000, 0x000000008af00000, 0x000000008af00000|100%|HC|  |TAMS 0x000000008ae00000, 0x000000008ae00000| Complete 
|  87|0x000000008af00000, 0x000000008b000000, 0x000000008b000000|100%|HC|  |TAMS 0x000000008af00000, 0x000000008af00000| Complete 
|  88|0x000000008b000000, 0x000000008b100000, 0x000000008b100000|100%|HC|  |TAMS 0x000000008b000000, 0x000000008b000000| Complete 
|  89|0x000000008b100000, 0x000000008b200000, 0x000000008b200000|100%|HC|  |TAMS 0x000000008b100000, 0x000000008b100000| Complete 
|  90|0x000000008b200000, 0x000000008b300000, 0x000000008b300000|100%|HC|  |TAMS 0x000000008b200000, 0x000000008b200000| Complete 
|  91|0x000000008b300000, 0x000000008b400000, 0x000000008b400000|100%|HC|  |TAMS 0x000000008b300000, 0x000000008b300000| Complete 
|  92|0x000000008b400000, 0x000000008b500000, 0x000000008b500000|100%|HC|  |TAMS 0x000000008b400000, 0x000000008b400000| Complete 
|  93|0x000000008b500000, 0x000000008b600000, 0x000000008b600000|100%|HC|  |TAMS 0x000000008b500000, 0x000000008b500000| Complete 
|  94|0x000000008b600000, 0x000000008b700000, 0x000000008b700000|100%|HC|  |TAMS 0x000000008b600000, 0x000000008b600000| Complete 
|  95|0x000000008b700000, 0x000000008b800000, 0x000000008b800000|100%|HC|  |TAMS 0x000000008b700000, 0x000000008b700000| Complete 
|  96|0x000000008b800000, 0x000000008b900000, 0x000000008b900000|100%|HC|  |TAMS 0x000000008b800000, 0x000000008b800000| Complete 
|  97|0x000000008b900000, 0x000000008ba00000, 0x000000008ba00000|100%|HC|  |TAMS 0x000000008b900000, 0x000000008b900000| Complete 
|  98|0x000000008ba00000, 0x000000008bb00000, 0x000000008bb00000|100%|HC|  |TAMS 0x000000008ba00000, 0x000000008ba00000| Complete 
|  99|0x000000008bb00000, 0x000000008bc00000, 0x000000008bc00000|100%|HC|  |TAMS 0x000000008bb00000, 0x000000008bb00000| Complete 
| 100|0x000000008bc00000, 0x000000008bd00000, 0x000000008bd00000|100%|HC|  |TAMS 0x000000008bc00000, 0x000000008bc00000| Complete 
| 101|0x000000008bd00000, 0x000000008be00000, 0x000000008be00000|100%|HC|  |TAMS 0x000000008bd00000, 0x000000008bd00000| Complete 
| 102|0x000000008be00000, 0x000000008bf00000, 0x000000008bf00000|100%|HC|  |TAMS 0x000000008be00000, 0x000000008be00000| Complete 
| 103|0x000000008bf00000, 0x000000008c000000, 0x000000008c000000|100%|HC|  |TAMS 0x000000008bf00000, 0x000000008bf00000| Complete 
| 104|0x000000008c000000, 0x000000008c100000, 0x000000008c100000|100%|HC|  |TAMS 0x000000008c000000, 0x000000008c000000| Complete 
| 105|0x000000008c100000, 0x000000008c200000, 0x000000008c200000|100%|HC|  |TAMS 0x000000008c100000, 0x000000008c100000| Complete 
| 106|0x000000008c200000, 0x000000008c300000, 0x000000008c300000|100%|HC|  |TAMS 0x000000008c200000, 0x000000008c200000| Complete 
| 107|0x000000008c300000, 0x000000008c400000, 0x000000008c400000|100%|HC|  |TAMS 0x000000008c300000, 0x000000008c300000| Complete 
| 108|0x000000008c400000, 0x000000008c500000, 0x000000008c500000|100%|HC|  |TAMS 0x000000008c400000, 0x000000008c400000| Complete 
| 109|0x000000008c500000, 0x000000008c600000, 0x000000008c600000|100%| O|  |TAMS 0x000000008c500000, 0x000000008c500000| Untracked 
| 110|0x000000008c600000, 0x000000008c700000, 0x000000008c700000|100%| O|  |TAMS 0x000000008c600000, 0x000000008c600000| Untracked 
| 111|0x000000008c700000, 0x000000008c800000, 0x000000008c800000|100%| O|  |TAMS 0x000000008c700000, 0x000000008c700000| Untracked 
| 112|0x000000008c800000, 0x000000008c900000, 0x000000008c900000|100%| O|  |TAMS 0x000000008c800000, 0x000000008c800000| Untracked 
| 113|0x000000008c900000, 0x000000008ca00000, 0x000000008ca00000|100%| O|  |TAMS 0x000000008c900000, 0x000000008c900000| Untracked 
| 114|0x000000008ca00000, 0x000000008cb00000, 0x000000008cb00000|100%| O|  |TAMS 0x000000008ca00000, 0x000000008ca00000| Untracked 
| 115|0x000000008cb00000, 0x000000008cc00000, 0x000000008cc00000|100%| O|  |TAMS 0x000000008cb00000, 0x000000008cb00000| Untracked 
| 116|0x000000008cc00000, 0x000000008cc00000, 0x000000008cd00000|  0%| F|  |TAMS 0x000000008cc00000, 0x000000008cc00000| Untracked 
| 117|0x000000008cd00000, 0x000000008cd00000, 0x000000008ce00000|  0%| F|  |TAMS 0x000000008cd00000, 0x000000008cd00000| Untracked 
| 118|0x000000008ce00000, 0x000000008ce00000, 0x000000008cf00000|  0%| F|  |TAMS 0x000000008ce00000, 0x000000008ce00000| Untracked 
| 119|0x000000008cf00000, 0x000000008d000000, 0x000000008d000000|100%| O|  |TAMS 0x000000008cf00000, 0x000000008cf00000| Untracked 
| 120|0x000000008d000000, 0x000000008d080000, 0x000000008d100000| 50%| O|  |TAMS 0x000000008d000000, 0x000000008d000000| Untracked 
| 121|0x000000008d100000, 0x000000008d100000, 0x000000008d200000|  0%| F|  |TAMS 0x000000008d100000, 0x000000008d100000| Untracked 
| 122|0x000000008d200000, 0x000000008d200000, 0x000000008d300000|  0%| F|  |TAMS 0x000000008d200000, 0x000000008d200000| Untracked 
| 123|0x000000008d300000, 0x000000008d300000, 0x000000008d400000|  0%| F|  |TAMS 0x000000008d300000, 0x000000008d300000| Untracked 
| 124|0x000000008d400000, 0x000000008d400000, 0x000000008d500000|  0%| F|  |TAMS 0x000000008d400000, 0x000000008d400000| Untracked 
| 125|0x000000008d500000, 0x000000008d500000, 0x000000008d600000|  0%| F|  |TAMS 0x000000008d500000, 0x000000008d500000| Untracked 
| 126|0x000000008d600000, 0x000000008d600000, 0x000000008d700000|  0%| F|  |TAMS 0x000000008d600000, 0x000000008d600000| Untracked 
| 127|0x000000008d700000, 0x000000008d800000, 0x000000008d800000|100%| S|CS|TAMS 0x000000008d700000, 0x000000008d700000| Complete 
| 128|0x000000008d800000, 0x000000008d900000, 0x000000008d900000|100%| S|CS|TAMS 0x000000008d800000, 0x000000008d800000| Complete 
| 129|0x000000008d900000, 0x000000008d900000, 0x000000008da00000|  0%| F|  |TAMS 0x000000008d900000, 0x000000008d900000| Untracked 
| 130|0x000000008da00000, 0x000000008da00000, 0x000000008db00000|  0%| F|  |TAMS 0x000000008da00000, 0x000000008da00000| Untracked 
| 131|0x000000008db00000, 0x000000008db00000, 0x000000008dc00000|  0%| F|  |TAMS 0x000000008db00000, 0x000000008db00000| Untracked 
| 132|0x000000008dc00000, 0x000000008dc00000, 0x000000008dd00000|  0%| F|  |TAMS 0x000000008dc00000, 0x000000008dc00000| Untracked 
| 133|0x000000008dd00000, 0x000000008dd00000, 0x000000008de00000|  0%| F|  |TAMS 0x000000008dd00000, 0x000000008dd00000| Untracked 
| 134|0x000000008de00000, 0x000000008de00000, 0x000000008df00000|  0%| F|  |TAMS 0x000000008de00000, 0x000000008de00000| Untracked 
| 135|0x000000008df00000, 0x000000008df00000, 0x000000008e000000|  0%| F|  |TAMS 0x000000008df00000, 0x000000008df00000| Untracked 
| 136|0x000000008e000000, 0x000000008e000000, 0x000000008e100000|  0%| F|  |TAMS 0x000000008e000000, 0x000000008e000000| Untracked 
| 137|0x000000008e100000, 0x000000008e100000, 0x000000008e200000|  0%| F|  |TAMS 0x000000008e100000, 0x000000008e100000| Untracked 
| 138|0x000000008e200000, 0x000000008e200000, 0x000000008e300000|  0%| F|  |TAMS 0x000000008e200000, 0x000000008e200000| Untracked 
| 139|0x000000008e300000, 0x000000008e300000, 0x000000008e400000|  0%| F|  |TAMS 0x000000008e300000, 0x000000008e300000| Untracked 
|1905|0x00000000fc900000, 0x00000000fca00000, 0x00000000fca00000|100%| O|  |TAMS 0x00000000fc900000, 0x00000000fca00000| Untracked 
|1906|0x00000000fca00000, 0x00000000fcb00000, 0x00000000fcb00000|100%| O|  |TAMS 0x00000000fca00000, 0x00000000fcb00000| Untracked 
|1907|0x00000000fcb00000, 0x00000000fcc00000, 0x00000000fcc00000|100%| O|  |TAMS 0x00000000fcb00000, 0x00000000fcc00000| Untracked 
|1908|0x00000000fcc00000, 0x00000000fcd00000, 0x00000000fcd00000|100%| O|  |TAMS 0x00000000fcc00000, 0x00000000fcd00000| Untracked 
|1909|0x00000000fcd00000, 0x00000000fce00000, 0x00000000fce00000|100%| O|  |TAMS 0x00000000fcd00000, 0x00000000fce00000| Untracked 
|1910|0x00000000fce00000, 0x00000000fcf00000, 0x00000000fcf00000|100%| O|  |TAMS 0x00000000fce00000, 0x00000000fcf00000| Untracked 
|1911|0x00000000fcf00000, 0x00000000fd000000, 0x00000000fd000000|100%| O|  |TAMS 0x00000000fcf00000, 0x00000000fd000000| Untracked 
|1912|0x00000000fd000000, 0x00000000fd100000, 0x00000000fd100000|100%| O|  |TAMS 0x00000000fd000000, 0x00000000fd100000| Untracked 
|1913|0x00000000fd100000, 0x00000000fd200000, 0x00000000fd200000|100%| O|  |TAMS 0x00000000fd100000, 0x00000000fd200000| Untracked 
|1914|0x00000000fd200000, 0x00000000fd300000, 0x00000000fd300000|100%| O|  |TAMS 0x00000000fd200000, 0x00000000fd300000| Untracked 
|1915|0x00000000fd300000, 0x00000000fd400000, 0x00000000fd400000|100%| O|  |TAMS 0x00000000fd300000, 0x00000000fd400000| Untracked 
|1916|0x00000000fd400000, 0x00000000fd500000, 0x00000000fd500000|100%| O|  |TAMS 0x00000000fd400000, 0x00000000fd500000| Untracked 
|1917|0x00000000fd500000, 0x00000000fd600000, 0x00000000fd600000|100%| O|  |TAMS 0x00000000fd500000, 0x00000000fd600000| Untracked 
|1918|0x00000000fd600000, 0x00000000fd700000, 0x00000000fd700000|100%| O|  |TAMS 0x00000000fd600000, 0x00000000fd700000| Untracked 
|1919|0x00000000fd700000, 0x00000000fd800000, 0x00000000fd800000|100%| O|  |TAMS 0x00000000fd700000, 0x00000000fd800000| Untracked 
|1920|0x00000000fd800000, 0x00000000fd900000, 0x00000000fd900000|100%| O|  |TAMS 0x00000000fd800000, 0x00000000fd900000| Untracked 
|1921|0x00000000fd900000, 0x00000000fda00000, 0x00000000fda00000|100%| O|  |TAMS 0x00000000fd900000, 0x00000000fda00000| Untracked 
|1922|0x00000000fda00000, 0x00000000fdb00000, 0x00000000fdb00000|100%| O|  |TAMS 0x00000000fda00000, 0x00000000fdb00000| Untracked 
|1923|0x00000000fdb00000, 0x00000000fdc00000, 0x00000000fdc00000|100%| O|  |TAMS 0x00000000fdb00000, 0x00000000fdc00000| Untracked 
|1924|0x00000000fdc00000, 0x00000000fdd00000, 0x00000000fdd00000|100%| O|  |TAMS 0x00000000fdc00000, 0x00000000fdd00000| Untracked 
|1925|0x00000000fdd00000, 0x00000000fde00000, 0x00000000fde00000|100%| O|  |TAMS 0x00000000fdd00000, 0x00000000fde00000| Untracked 
|1926|0x00000000fde00000, 0x00000000fdf00000, 0x00000000fdf00000|100%| O|  |TAMS 0x00000000fde00000, 0x00000000fdf00000| Untracked 
|1927|0x00000000fdf00000, 0x00000000fe000000, 0x00000000fe000000|100%| O|  |TAMS 0x00000000fdf00000, 0x00000000fe000000| Untracked 
|1928|0x00000000fe000000, 0x00000000fe100000, 0x00000000fe100000|100%| O|  |TAMS 0x00000000fe000000, 0x00000000fe100000| Untracked 
|1929|0x00000000fe100000, 0x00000000fe200000, 0x00000000fe200000|100%| O|  |TAMS 0x00000000fe100000, 0x00000000fe200000| Untracked 
|1930|0x00000000fe200000, 0x00000000fe300000, 0x00000000fe300000|100%| O|  |TAMS 0x00000000fe200000, 0x00000000fe300000| Untracked 
|1931|0x00000000fe300000, 0x00000000fe400000, 0x00000000fe400000|100%| O|  |TAMS 0x00000000fe300000, 0x00000000fe400000| Untracked 
|1932|0x00000000fe400000, 0x00000000fe500000, 0x00000000fe500000|100%| O|  |TAMS 0x00000000fe400000, 0x00000000fe500000| Untracked 
|1933|0x00000000fe500000, 0x00000000fe600000, 0x00000000fe600000|100%| O|  |TAMS 0x00000000fe500000, 0x00000000fe600000| Untracked 
|1934|0x00000000fe600000, 0x00000000fe700000, 0x00000000fe700000|100%| O|  |TAMS 0x00000000fe600000, 0x00000000fe700000| Untracked 
|1935|0x00000000fe700000, 0x00000000fe800000, 0x00000000fe800000|100%| O|  |TAMS 0x00000000fe700000, 0x00000000fe800000| Untracked 
|1936|0x00000000fe800000, 0x00000000fe900000, 0x00000000fe900000|100%| O|  |TAMS 0x00000000fe800000, 0x00000000fe900000| Untracked 
|1937|0x00000000fe900000, 0x00000000fea00000, 0x00000000fea00000|100%| O|  |TAMS 0x00000000fe900000, 0x00000000fea00000| Untracked 
|1938|0x00000000fea00000, 0x00000000feb00000, 0x00000000feb00000|100%| O|  |TAMS 0x00000000fea00000, 0x00000000feb00000| Untracked 
|1939|0x00000000feb00000, 0x00000000fec00000, 0x00000000fec00000|100%| O|  |TAMS 0x00000000feb00000, 0x00000000fec00000| Untracked 
|1940|0x00000000fec00000, 0x00000000fed00000, 0x00000000fed00000|100%| O|  |TAMS 0x00000000fec00000, 0x00000000fed00000| Untracked 
|1941|0x00000000fed00000, 0x00000000fee00000, 0x00000000fee00000|100%| O|  |TAMS 0x00000000fed00000, 0x00000000fee00000| Untracked 
|1942|0x00000000fee00000, 0x00000000fef00000, 0x00000000fef00000|100%| O|  |TAMS 0x00000000fee00000, 0x00000000fef00000| Untracked 
|1943|0x00000000fef00000, 0x00000000ff000000, 0x00000000ff000000|100%| O|  |TAMS 0x00000000fef00000, 0x00000000ff000000| Untracked 
|1944|0x00000000ff000000, 0x00000000ff100000, 0x00000000ff100000|100%| O|  |TAMS 0x00000000ff000000, 0x00000000ff100000| Untracked 
|1945|0x00000000ff100000, 0x00000000ff200000, 0x00000000ff200000|100%| O|  |TAMS 0x00000000ff100000, 0x00000000ff200000| Untracked 
|1946|0x00000000ff200000, 0x00000000ff300000, 0x00000000ff300000|100%| O|  |TAMS 0x00000000ff200000, 0x00000000ff300000| Untracked 
|1947|0x00000000ff300000, 0x00000000ff400000, 0x00000000ff400000|100%| O|  |TAMS 0x00000000ff300000, 0x00000000ff400000| Untracked 
|1948|0x00000000ff400000, 0x00000000ff500000, 0x00000000ff500000|100%| O|  |TAMS 0x00000000ff400000, 0x00000000ff500000| Untracked 
|1949|0x00000000ff500000, 0x00000000ff600000, 0x00000000ff600000|100%| O|  |TAMS 0x00000000ff500000, 0x00000000ff600000| Untracked 
|1950|0x00000000ff600000, 0x00000000ff700000, 0x00000000ff700000|100%| O|  |TAMS 0x00000000ff600000, 0x00000000ff700000| Untracked 
|1951|0x00000000ff700000, 0x00000000ff800000, 0x00000000ff800000|100%| O|  |TAMS 0x00000000ff700000, 0x00000000ff800000| Untracked 
|1952|0x00000000ff800000, 0x00000000ff900000, 0x00000000ff900000|100%| O|  |TAMS 0x00000000ff800000, 0x00000000ff900000| Untracked 
|1953|0x00000000ff900000, 0x00000000ffa00000, 0x00000000ffa00000|100%| O|  |TAMS 0x00000000ff900000, 0x00000000ffa00000| Untracked 
|1954|0x00000000ffa00000, 0x00000000ffb00000, 0x00000000ffb00000|100%| O|  |TAMS 0x00000000ffa00000, 0x00000000ffb00000| Untracked 
|1955|0x00000000ffb00000, 0x00000000ffc00000, 0x00000000ffc00000|100%| O|  |TAMS 0x00000000ffb00000, 0x00000000ffc00000| Untracked 
|1956|0x00000000ffc00000, 0x00000000ffd00000, 0x00000000ffd00000|100%| O|  |TAMS 0x00000000ffc00000, 0x00000000ffd00000| Untracked 
|1957|0x00000000ffd00000, 0x00000000ffe00000, 0x00000000ffe00000|100%| O|  |TAMS 0x00000000ffd00000, 0x00000000ffe00000| Untracked 
|1958|0x00000000ffe00000, 0x00000000fff00000, 0x00000000fff00000|100%| O|  |TAMS 0x00000000ffe00000, 0x00000000fff00000| Untracked 
|1959|0x00000000fff00000, 0x0000000100000000, 0x0000000100000000|100%| O|  |TAMS 0x00000000fff00000, 0x0000000100000000| Untracked 

Card table byte_map: [0x00000274da4f0000,0x00000274da8d0000] _byte_map_base: 0x00000274da0c4000

Marking Bits (Prev, Next): (CMBitMap*) 0x00000274c3357870, (CMBitMap*) 0x00000274c3357830
 Prev Bits: [0x00000274dcb50000, 0x00000274de9f0000)
 Next Bits: [0x00000274dacb0000, 0x00000274dcb50000)

Polling page: 0x00000274c12a0000

Metaspace:

Usage:
  Non-class:      8.63 MB used.
      Class:    998.21 KB used.
       Both:      9.60 MB used.

Virtual space:
  Non-class space:       64.00 MB reserved,       8.75 MB ( 14%) committed,  1 nodes.
      Class space:        1.00 GB reserved,       1.06 MB ( <1%) committed,  1 nodes.
             Both:        1.06 GB reserved,       9.81 MB ( <1%) committed. 

Chunk freelists:
   Non-Class:  7.03 MB
       Class:  14.94 MB
        Both:  21.97 MB

MaxMetaspaceSize: unlimited
CompressedClassSpaceSize: 1.00 GB
Initial GC threshold: 21.00 MB
Current GC threshold: 21.00 MB
CDS: on
MetaspaceReclaimPolicy: balanced
 - commit_granule_bytes: 65536.
 - commit_granule_words: 8192.
 - virtual_space_node_default_size: 8388608.
 - enlarge_chunks_in_place: 1.
 - new_chunks_are_fully_committed: 0.
 - uncommit_free_chunks: 1.
 - use_allocation_guard: 0.
 - handle_deallocations: 1.


Internal statistics:

num_allocs_failed_limit: 0.
num_arena_births: 120.
num_arena_deaths: 0.
num_vsnodes_births: 2.
num_vsnodes_deaths: 0.
num_space_committed: 157.
num_space_uncommitted: 0.
num_chunks_returned_to_freelist: 0.
num_chunks_taken_from_freelist: 211.
num_chunk_merges: 0.
num_chunk_splits: 148.
num_chunks_enlarged: 110.
num_inconsistent_stats: 0.

CodeHeap 'non-profiled nmethods': size=120000Kb used=339Kb max_used=339Kb free=119661Kb
 bounds [0x00000274d2690000, 0x00000274d2900000, 0x00000274d9bc0000]
CodeHeap 'profiled nmethods': size=120000Kb used=1736Kb max_used=1736Kb free=118263Kb
 bounds [0x00000274cabc0000, 0x00000274cae30000, 0x00000274d20f0000]
CodeHeap 'non-nmethods': size=5760Kb used=1299Kb max_used=1313Kb free=4460Kb
 bounds [0x00000274d20f0000, 0x00000274d2360000, 0x00000274d2690000]
 total_blobs=1653 nmethods=1028 adapters=538
 compilation: enabled
              stopped_count=0, restarted_count=0
 full_count=0

Compilation events (20 events):
Event: 0.719 Thread 0x00000274e163db20 nmethod 1019 0x00000274cad6cc90 code [0x00000274cad6ce40, 0x00000274cad6d0d8]
Event: 0.719 Thread 0x00000274e163d070 nmethod 1018 0x00000274d26e3390 code [0x00000274d26e3500, 0x00000274d26e3598]
Event: 0.719 Thread 0x00000274e163db20 1021       3       com.acmerobotics.roadrunner.DualNum::drop (56 bytes)
Event: 0.719 Thread 0x00000274e163db20 nmethod 1021 0x00000274cad6d210 code [0x00000274cad6d3e0, 0x00000274cad6d788]
Event: 0.719 Thread 0x00000274e163db20 1022       3       kotlin.ranges.IntProgressionIterator::nextInt (51 bytes)
Event: 0.719 Thread 0x00000274e163db20 nmethod 1022 0x00000274cad6d990 code [0x00000274cad6db40, 0x00000274cad6dde8]
Event: 0.719 Thread 0x00000274e163db20 1020       3       java.util.ArrayList$Itr::<init> (26 bytes)
Event: 0.719 Thread 0x00000274e163db20 nmethod 1020 0x00000274cad6df10 code [0x00000274cad6e0a0, 0x00000274cad6e278]
Event: 0.719 Thread 0x00000274e163d070 1023       4       java.util.ArrayList::add (25 bytes)
Event: 0.719 Thread 0x00000275275a37b0 1024       4       kotlin.ranges.IntProgressionIterator::nextInt (51 bytes)
Event: 0.720 Thread 0x00000275275a37b0 nmethod 1024 0x00000274d26e3690 code [0x00000274d26e3800, 0x00000274d26e38b8]
Event: 0.720 Thread 0x00000275275a37b0 1025       4       java.lang.Double::valueOf (9 bytes)
Event: 0.720 Thread 0x00000275275a37b0 nmethod 1025 0x00000274d26e3990 code [0x00000274d26e3b00, 0x00000274d26e3bb8]
Event: 0.721 Thread 0x00000274e163d070 nmethod 1023 0x00000274d26e3c90 code [0x00000274d26e3e20, 0x00000274d26e4028]
Event: 0.724 Thread 0x00000274e163db20 1026 %     3       com.acmerobotics.roadrunner.Math::rangeCentered @ 92 (160 bytes)
Event: 0.725 Thread 0x00000274e163db20 nmethod 1026% 0x00000274cad6e390 code [0x00000274cad6e6c0, 0x00000274cad6fb18]
Event: 0.725 Thread 0x00000274e163db20 1027       3       com.acmerobotics.roadrunner.Math::rangeCentered (160 bytes)
Event: 0.726 Thread 0x00000274e163db20 nmethod 1027 0x00000274cad70210 code [0x00000274cad70540, 0x00000274cad718c8]
Event: 0.726 Thread 0x00000274e163d070 1028 %     4       com.acmerobotics.roadrunner.Math::rangeCentered @ 92 (160 bytes)
Event: 0.741 Thread 0x00000274e163d070 nmethod 1028% 0x00000274d26e4190 code [0x00000274d26e4360, 0x00000274d26e4868]

GC Heap History (13 events):
Event: 0.575 GC heap before
{Heap before GC invocations=0 (full 0):
 garbage-first heap   total 126976K, used 34816K [0x0000000085800000, 0x0000000100000000)
  region size 1024K, 23 young (23552K), 0 survivors (0K)
 Metaspace       used 8185K, committed 8384K, reserved 1114112K
  class space    used 913K, committed 1024K, reserved 1048576K
}
Event: 0.581 GC heap after
{Heap after GC invocations=1 (full 0):
 garbage-first heap   total 126976K, used 14930K [0x0000000085800000, 0x0000000100000000)
  region size 1024K, 3 young (3072K), 3 survivors (3072K)
 Metaspace       used 8185K, committed 8384K, reserved 1114112K
  class space    used 913K, committed 1024K, reserved 1048576K
}
Event: 0.727 GC heap before
{Heap before GC invocations=1 (full 0):
 garbage-first heap   total 126976K, used 53842K [0x0000000085800000, 0x0000000100000000)
  region size 1024K, 37 young (37888K), 3 survivors (3072K)
 Metaspace       used 9832K, committed 10048K, reserved 1114112K
  class space    used 998K, committed 1088K, reserved 1048576K
}
Event: 0.735 GC heap after
{Heap after GC invocations=2 (full 0):
 garbage-first heap   total 126976K, used 22335K [0x0000000085800000, 0x0000000100000000)
  region size 1024K, 5 young (5120K), 5 survivors (5120K)
 Metaspace       used 9832K, committed 10048K, reserved 1114112K
  class space    used 998K, committed 1088K, reserved 1048576K
}
Event: 0.792 GC heap before
{Heap before GC invocations=2 (full 0):
 garbage-first heap   total 126976K, used 116543K [0x0000000085800000, 0x0000000100000000)
  region size 1024K, 65 young (66560K), 5 survivors (5120K)
 Metaspace       used 9832K, committed 10048K, reserved 1114112K
  class space    used 998K, committed 1088K, reserved 1048576K
}
Event: 0.857 GC heap after
{Heap after GC invocations=3 (full 0):
 garbage-first heap   total 184320K, used 116847K [0x0000000085800000, 0x0000000100000000)
  region size 1024K, 10 young (10240K), 10 survivors (10240K)
 Metaspace       used 9832K, committed 10048K, reserved 1114112K
  class space    used 998K, committed 1088K, reserved 1048576K
}
Event: 0.868 GC heap before
{Heap before GC invocations=3 (full 0):
 garbage-first heap   total 184320K, used 134255K [0x0000000085800000, 0x0000000100000000)
  region size 1024K, 11 young (11264K), 10 survivors (10240K)
 Metaspace       used 9832K, committed 10048K, reserved 1114112K
  class space    used 998K, committed 1088K, reserved 1048576K
}
Event: 0.880 GC heap after
{Heap after GC invocations=4 (full 0):
 garbage-first heap   total 184320K, used 135738K [0x0000000085800000, 0x0000000100000000)
  region size 1024K, 2 young (2048K), 2 survivors (2048K)
 Metaspace       used 9832K, committed 10048K, reserved 1114112K
  class space    used 998K, committed 1088K, reserved 1048576K
}
Event: 0.887 GC heap before
{Heap before GC invocations=5 (full 0):
 garbage-first heap   total 199680K, used 120378K [0x0000000085800000, 0x0000000100000000)
  region size 1024K, 10 young (10240K), 2 survivors (2048K)
 Metaspace       used 9832K, committed 10048K, reserved 1114112K
  class space    used 998K, committed 1088K, reserved 1048576K
}
Event: 0.894 GC heap after
{Heap after GC invocations=6 (full 0):
 garbage-first heap   total 199680K, used 121344K [0x0000000085800000, 0x0000000100000000)
  region size 1024K, 2 young (2048K), 2 survivors (2048K)
 Metaspace       used 9832K, committed 10048K, reserved 1114112K
  class space    used 998K, committed 1088K, reserved 1048576K
}
Event: 0.904 GC heap before
{Heap before GC invocations=6 (full 0):
 garbage-first heap   total 199680K, used 140800K [0x0000000085800000, 0x0000000100000000)
  region size 1024K, 21 young (21504K), 2 survivors (2048K)
 Metaspace       used 9832K, committed 10048K, reserved 1114112K
  class space    used 998K, committed 1088K, reserved 1048576K
}
Event: 0.913 GC heap after
{Heap after GC invocations=7 (full 0):
 garbage-first heap   total 199680K, used 141640K [0x0000000085800000, 0x0000000100000000)
  region size 1024K, 3 young (3072K), 3 survivors (3072K)
 Metaspace       used 9832K, committed 10048K, reserved 1114112K
  class space    used 998K, committed 1088K, reserved 1048576K
}
Event: 0.938 GC heap before
{Heap before GC invocations=7 (full 0):
 garbage-first heap   total 199680K, used 177480K [0x0000000085800000, 0x0000000100000000)
  region size 1024K, 14 young (14336K), 3 survivors (3072K)
 Metaspace       used 9832K, committed 10048K, reserved 1114112K
  class space    used 998K, committed 1088K, reserved 1048576K
}

Deoptimization events (20 events):
Event: 0.600 Thread 0x00000274c32ff630 DEOPT PACKING pc=0x00000274cad17594 sp=0x00000077e12fe810
Event: 0.600 Thread 0x00000274c32ff630 DEOPT UNPACKING pc=0x00000274d2142b43 sp=0x00000077e12fdc88 mode 0
Event: 0.600 Thread 0x00000274c32ff630 DEOPT PACKING pc=0x00000274cad17594 sp=0x00000077e12fe810
Event: 0.600 Thread 0x00000274c32ff630 DEOPT UNPACKING pc=0x00000274d2142b43 sp=0x00000077e12fdc88 mode 0
Event: 0.600 Thread 0x00000274c32ff630 DEOPT PACKING pc=0x00000274cad17594 sp=0x00000077e12fe810
Event: 0.600 Thread 0x00000274c32ff630 DEOPT UNPACKING pc=0x00000274d2142b43 sp=0x00000077e12fdc88 mode 0
Event: 0.600 Thread 0x00000274c32ff630 DEOPT PACKING pc=0x00000274cad17594 sp=0x00000077e12fe810
Event: 0.600 Thread 0x00000274c32ff630 DEOPT UNPACKING pc=0x00000274d2142b43 sp=0x00000077e12fdc88 mode 0
Event: 0.601 Thread 0x00000274c32ff630 Uncommon trap: trap_request=0xffffff45 fr.pc=0x00000274d26d804c relative=0x000000000000156c
Event: 0.601 Thread 0x00000274c32ff630 Uncommon trap: reason=unstable_if action=reinterpret pc=0x00000274d26d804c method=java.awt.image.AreaAveragingScaleFilter.accumPixels(IIIILjava/awt/image/ColorModel;Ljava/lang/Object;II)V @ 274 c2
Event: 0.601 Thread 0x00000274c32ff630 DEOPT PACKING pc=0x00000274d26d804c sp=0x00000077e12fe830
Event: 0.601 Thread 0x00000274c32ff630 DEOPT UNPACKING pc=0x00000274d21423a3 sp=0x00000077e12fe790 mode 2
Event: 0.619 Thread 0x00000274c32ff630 Uncommon trap: trap_request=0xffffff45 fr.pc=0x00000274d26d56d4 relative=0x0000000000000b54
Event: 0.619 Thread 0x00000274c32ff630 Uncommon trap: reason=unstable_if action=reinterpret pc=0x00000274d26d56d4 method=sun.awt.image.OffScreenImageSource.sendPixels()V @ 663 c2
Event: 0.619 Thread 0x00000274c32ff630 DEOPT PACKING pc=0x00000274d26d56d4 sp=0x00000077e12fe950
Event: 0.619 Thread 0x00000274c32ff630 DEOPT UNPACKING pc=0x00000274d21423a3 sp=0x00000077e12fe908 mode 2
Event: 0.664 Thread 0x00000274c32ff630 DEOPT PACKING pc=0x00000274cac8d865 sp=0x00000077e12fa470
Event: 0.664 Thread 0x00000274c32ff630 DEOPT UNPACKING pc=0x00000274d2142b43 sp=0x00000077e12f98e8 mode 0
Event: 0.741 Thread 0x00000274c32ff630 DEOPT PACKING pc=0x00000274cad6f904 sp=0x00000077e12febf0
Event: 0.741 Thread 0x00000274c32ff630 DEOPT UNPACKING pc=0x00000274d2142b43 sp=0x00000077e12fe118 mode 0

Classes unloaded (0 events):
No events

Classes redefined (0 events):
No events

Internal exceptions (17 events):
Event: 0.076 Thread 0x00000274c32ff630 Exception <a 'java/lang/ClassNotFoundException'{0x000000008d2bb570}: sun/awt/resources/spi/awtProvider> (0x000000008d2bb570) 
thrown [s\open\src\hotspot\share\classfile\systemDictionary.cpp, line 256]
Event: 0.094 Thread 0x00000274c32ff630 Exception <a 'java/io/FileNotFoundException'{0x000000008d113430}> (0x000000008d113430) 
thrown [s\open\src\hotspot\share\prims\jni.cpp, line 516]
Event: 0.100 Thread 0x00000274c32ff630 Exception <a 'java/io/FileNotFoundException'{0x000000008d140390}> (0x000000008d140390) 
thrown [s\open\src\hotspot\share\prims\jni.cpp, line 516]
Event: 0.142 Thread 0x00000274c32ff630 Exception <a 'java/lang/NoSuchMethodError'{0x000000008d19c218}: 'java.lang.Object java.lang.invoke.DirectMethodHandle$Holder.invokeStaticInit(java.lang.Object)'> (0x000000008d19c218) 
thrown [s\open\src\hotspot\share\interpreter\linkResolver.cpp, line 759]
Event: 0.178 Thread 0x00000274c32ff630 Exception <a 'java/lang/NoSuchMethodError'{0x000000008d1e8f00}: 'void java.lang.invoke.DirectMethodHandle$Holder.invokeSpecial(java.lang.Object, java.lang.Object, java.lang.Object)'> (0x000000008d1e8f00) 
thrown [s\open\src\hotspot\share\interpreter\linkResolver.cpp, line 759]
Event: 0.186 Thread 0x00000274c32ff630 Exception <a 'java/lang/NoSuchMethodError'{0x000000008d027390}: 'java.lang.Object java.lang.invoke.DirectMethodHandle$Holder.newInvokeSpecial(java.lang.Object, java.lang.Object, java.lang.Object, java.lang.Object, java.lang.Object)'> (0x000000008d027390) 
thrown [s\open\src\hotspot\share\interpreter\linkResolver.cpp, line 759]
Event: 0.187 Thread 0x00000274c32ff630 Exception <a 'java/lang/NoSuchMethodError'{0x000000008d032e48}: 'java.lang.Object java.lang.invoke.DirectMethodHandle$Holder.invokeStatic(java.lang.Object, int, java.lang.Object, java.lang.Object, java.lang.Object, java.lang.Object)'> (0x000000008d032e48) 
thrown [s\open\src\hotspot\share\interpreter\linkResolver.cpp, line 759]
Event: 0.190 Thread 0x00000274c32ff630 Exception <a 'java/lang/NoSuchMethodError'{0x000000008d058608}: 'java.lang.Object java.lang.invoke.DirectMethodHandle$Holder.invokeStatic(java.lang.Object, int, java.lang.Object)'> (0x000000008d058608) 
thrown [s\open\src\hotspot\share\interpreter\linkResolver.cpp, line 759]
Event: 0.209 Thread 0x00000274c32ff630 Exception <a 'java/lang/ClassNotFoundException'{0x000000008cf107e0}: com/sun/swing/internal/plaf/metal/resources/spi/metalProvider> (0x000000008cf107e0) 
thrown [s\open\src\hotspot\share\classfile\systemDictionary.cpp, line 256]
Event: 0.210 Thread 0x00000274c32ff630 Exception <a 'java/lang/ClassNotFoundException'{0x000000008cf14638}: com/sun/swing/internal/plaf/basic/resources/spi/basicProvider> (0x000000008cf14638) 
thrown [s\open\src\hotspot\share\classfile\systemDictionary.cpp, line 256]
Event: 0.228 Thread 0x00000274e1b61a90 Exception <a 'java/lang/NoSuchMethodError'{0x000000008d1fb830}: 'void java.lang.invoke.DirectMethodHandle$Holder.invokeVirtual(java.lang.Object, java.lang.Object)'> (0x000000008d1fb830) 
thrown [s\open\src\hotspot\share\interpreter\linkResolver.cpp, line 759]
Event: 0.242 Thread 0x00000274c32ff630 Exception <a 'java/lang/NoSuchMethodError'{0x000000008cf532b8}: 'void java.lang.invoke.DirectMethodHandle$Holder.invokeStaticInit(java.lang.Object)'> (0x000000008cf532b8) 
thrown [s\open\src\hotspot\share\interpreter\linkResolver.cpp, line 759]
Event: 0.330 Thread 0x00000274c32ff630 Exception <a 'java/lang/ClassNotFoundException'{0x000000008cd1a568}: com/sun/java/swing/plaf/windows/resources/spi/windowsProvider> (0x000000008cd1a568) 
thrown [s\open\src\hotspot\share\classfile\systemDictionary.cpp, line 256]
Event: 0.337 Thread 0x00000274c32ff630 Exception <a 'java/lang/NoSuchMethodError'{0x000000008cd24568}: 'java.lang.Object java.lang.invoke.DirectMethodHandle$Holder.invokeStatic(java.lang.Object, java.lang.Object, int, java.lang.Object)'> (0x000000008cd24568) 
thrown [s\open\src\hotspot\share\interpreter\linkResolver.cpp, line 759]
Event: 0.338 Thread 0x00000274c32ff630 Exception <a 'java/lang/NoSuchMethodError'{0x000000008cd2b1a8}: 'java.lang.Object java.lang.invoke.DirectMethodHandle$Holder.newInvokeSpecial(java.lang.Object, java.lang.Object, int)'> (0x000000008cd2b1a8) 
thrown [s\open\src\hotspot\share\interpreter\linkResolver.cpp, line 759]
Event: 0.354 Thread 0x00000274c32ff630 Exception <a 'java/lang/NoSuchMethodError'{0x000000008cd7f688}: 'java.lang.Object java.lang.invoke.DirectMethodHandle$Holder.invokeStaticInit(java.lang.Object, int, int, int, int)'> (0x000000008cd7f688) 
thrown [s\open\src\hotspot\share\interpreter\linkResolver.cpp, line 759]
Event: 0.396 Thread 0x00000274c32ff630 Exception <a 'java/lang/NoSuchMethodError'{0x000000008cc4be00}: 'java.lang.Object java.lang.invoke.DirectMethodHandle$Holder.invokeStaticInit(java.lang.Object, java.lang.Object, int, int, int, int)'> (0x000000008cc4be00) 
thrown [s\open\src\hotspot\share\interpreter\linkResolver.cpp, line 759]

VM Operations (20 events):
Event: 0.263 Executing VM operation: HandshakeAllThreads done
Event: 0.366 Executing VM operation: HandshakeAllThreads
Event: 0.366 Executing VM operation: HandshakeAllThreads done
Event: 0.575 Executing VM operation: G1CollectForAllocation
Event: 0.581 Executing VM operation: G1CollectForAllocation done
Event: 0.727 Executing VM operation: G1CollectForAllocation
Event: 0.735 Executing VM operation: G1CollectForAllocation done
Event: 0.792 Executing VM operation: G1TryInitiateConcMark
Event: 0.857 Executing VM operation: G1TryInitiateConcMark done
Event: 0.866 Executing VM operation: G1CollectForAllocation
Event: 0.880 Executing VM operation: G1CollectForAllocation done
Event: 0.884 Executing VM operation: G1Concurrent
Event: 0.886 Executing VM operation: G1Concurrent done
Event: 0.886 Executing VM operation: G1Concurrent
Event: 0.886 Executing VM operation: G1Concurrent done
Event: 0.887 Executing VM operation: G1CollectForAllocation
Event: 0.894 Executing VM operation: G1CollectForAllocation done
Event: 0.903 Executing VM operation: G1CollectForAllocation
Event: 0.913 Executing VM operation: G1CollectForAllocation done
Event: 0.938 Executing VM operation: G1CollectForAllocation

Events (20 events):
Event: 0.622 loading class sun/font/SunFontManager$5
Event: 0.622 loading class sun/font/SunFontManager$5 done
Event: 0.624 loading class javax/swing/KeyboardManager
Event: 0.624 loading class javax/swing/KeyboardManager done
Event: 0.625 loading class javax/swing/AbstractAction
Event: 0.625 loading class javax/swing/Action
Event: 0.625 loading class javax/swing/Action done
Event: 0.625 loading class javax/swing/AbstractAction done
Event: 0.626 loading class javax/swing/JInternalFrame
Event: 0.626 loading class javax/swing/JInternalFrame done
Event: 0.626 loading class javax/swing/KeyboardManager$ComponentKeyStrokePair
Event: 0.626 loading class javax/swing/KeyboardManager$ComponentKeyStrokePair done
Event: 0.627 loading class java/util/concurrent/locks/AbstractQueuedSynchronizer$ExclusiveNode
Event: 0.627 loading class java/util/concurrent/locks/AbstractQueuedSynchronizer$ExclusiveNode done
Event: 0.645 loading class java/util/NoSuchElementException
Event: 0.645 loading class java/util/NoSuchElementException done
Event: 0.671 loading class java/lang/NoSuchFieldError
Event: 0.671 loading class java/lang/NoSuchFieldError done
Event: 0.697 loading class java/util/Collections$SingletonList
Event: 0.698 loading class java/util/Collections$SingletonList done


Dynamic libraries:
0x00007ff740260000 - 0x00007ff740270000 	C:\Program Files\Java\jdk-17\bin\java.exe
0x00007ff8f2600000 - 0x00007ff8f2869000 	C:\WINDOWS\SYSTEM32\ntdll.dll
0x00007ff8f10e0000 - 0x00007ff8f11a9000 	C:\WINDOWS\System32\KERNEL32.DLL
0x00007ff8ef9c0000 - 0x00007ff8efdb3000 	C:\WINDOWS\System32\KERNELBASE.dll
0x00007ff8ef7c0000 - 0x00007ff8ef90b000 	C:\WINDOWS\System32\ucrtbase.dll
0x00007ff8ebea0000 - 0x00007ff8ebeb9000 	C:\Program Files\Java\jdk-17\bin\jli.dll
0x00007ff8f12b0000 - 0x00007ff8f1364000 	C:\WINDOWS\System32\ADVAPI32.dll
0x00007ff8eb5a0000 - 0x00007ff8eb5bb000 	C:\Program Files\Java\jdk-17\bin\VCRUNTIME140.dll
0x00007ff8f1f70000 - 0x00007ff8f2019000 	C:\WINDOWS\System32\msvcrt.dll
0x00007ff8f0d90000 - 0x00007ff8f0e36000 	C:\WINDOWS\System32\sechost.dll
0x00007ff8f03e0000 - 0x00007ff8f04f8000 	C:\WINDOWS\System32\RPCRT4.dll
0x00007ff8f0790000 - 0x00007ff8f0954000 	C:\WINDOWS\System32\USER32.dll
0x00007ff8ef790000 - 0x00007ff8ef7b7000 	C:\WINDOWS\System32\win32u.dll
0x00007ff8f0600000 - 0x00007ff8f062b000 	C:\WINDOWS\System32\GDI32.dll
0x00007ff8f02a0000 - 0x00007ff8f03cd000 	C:\WINDOWS\System32\gdi32full.dll
0x00007ff8cbfe0000 - 0x00007ff8cc273000 	C:\WINDOWS\WinSxS\amd64_microsoft.windows.common-controls_6595b64144ccf1df_6.0.26100.5074_none_3e0d6f78e32fd63f\COMCTL32.dll
0x00007ff8ef910000 - 0x00007ff8ef9b3000 	C:\WINDOWS\System32\msvcp_win.dll
0x00007ff8dae30000 - 0x00007ff8dae3b000 	C:\WINDOWS\SYSTEM32\VERSION.dll
0x00007ff8f0970000 - 0x00007ff8f099f000 	C:\WINDOWS\System32\IMM32.DLL
0x00007ff8eb7b0000 - 0x00007ff8eb7bc000 	C:\Program Files\Java\jdk-17\bin\vcruntime140_1.dll
0x00007ff8c4b50000 - 0x00007ff8c4bde000 	C:\Program Files\Java\jdk-17\bin\msvcp140.dll
0x00007ff8765a0000 - 0x00007ff877180000 	C:\Program Files\Java\jdk-17\bin\server\jvm.dll
0x00007ff8f10d0000 - 0x00007ff8f10d8000 	C:\WINDOWS\System32\PSAPI.DLL
0x00007ff8e60e0000 - 0x00007ff8e6115000 	C:\WINDOWS\SYSTEM32\WINMM.dll
0x00007ff8ed130000 - 0x00007ff8ed13a000 	C:\WINDOWS\SYSTEM32\WSOCK32.dll
0x00007ff8f1b70000 - 0x00007ff8f1be4000 	C:\WINDOWS\System32\WS2_32.dll
0x00007ff8ee4f0000 - 0x00007ff8ee50b000 	C:\WINDOWS\SYSTEM32\kernel.appcore.dll
0x00007ff8eb530000 - 0x00007ff8eb53a000 	C:\Program Files\Java\jdk-17\bin\jimage.dll
0x00007ff8eceb0000 - 0x00007ff8ed0f2000 	C:\WINDOWS\SYSTEM32\DBGHELP.DLL
0x00007ff8f1bf0000 - 0x00007ff8f1f6b000 	C:\WINDOWS\System32\combase.dll
0x00007ff8f0bb0000 - 0x00007ff8f0c87000 	C:\WINDOWS\System32\OLEAUT32.dll
0x00007ff8d46f0000 - 0x00007ff8d472d000 	C:\WINDOWS\SYSTEM32\dbgcore.DLL
0x00007ff8effc0000 - 0x00007ff8f0059000 	C:\WINDOWS\System32\bcryptPrimitives.dll
0x00007ff8ea9f0000 - 0x00007ff8eaa15000 	C:\Program Files\Java\jdk-17\bin\java.dll
0x00007ff8bbd10000 - 0x00007ff8bbde7000 	C:\Program Files\Java\jdk-17\bin\jsvml.dll
0x00007ff8f1370000 - 0x00007ff8f1abd000 	C:\WINDOWS\System32\SHELL32.dll
0x00007ff8efdc0000 - 0x00007ff8eff2c000 	C:\WINDOWS\System32\wintypes.dll
0x00007ff8ed3b0000 - 0x00007ff8edc09000 	C:\WINDOWS\SYSTEM32\windows.storage.dll
0x00007ff8f11b0000 - 0x00007ff8f12a0000 	C:\WINDOWS\System32\SHCORE.dll
0x00007ff8f0590000 - 0x00007ff8f05f2000 	C:\WINDOWS\System32\shlwapi.dll
0x00007ff8ef6b0000 - 0x00007ff8ef6d9000 	C:\WINDOWS\SYSTEM32\profapi.dll
0x00007ff8ea570000 - 0x00007ff8ea589000 	C:\Program Files\Java\jdk-17\bin\net.dll
0x00007ff8e3040000 - 0x00007ff8e315f000 	C:\WINDOWS\SYSTEM32\WINHTTP.dll
0x00007ff8eeaf0000 - 0x00007ff8eeb5b000 	C:\WINDOWS\system32\mswsock.dll
0x00007ff8ea260000 - 0x00007ff8ea276000 	C:\Program Files\Java\jdk-17\bin\nio.dll
0x00007ff8eab60000 - 0x00007ff8eab78000 	C:\Program Files\Java\jdk-17\bin\zip.dll
0x00007ff8b4f50000 - 0x00007ff8b50e1000 	C:\Program Files\Java\jdk-17\bin\awt.dll
0x00007ff8e9d60000 - 0x00007ff8e9dfe000 	C:\WINDOWS\SYSTEM32\apphelp.dll
0x00007ff8ec700000 - 0x00007ff8ec72b000 	C:\WINDOWS\system32\DWMAPI.DLL
0x00007ff8e98d0000 - 0x00007ff8e9978000 	C:\WINDOWS\system32\uxtheme.dll
0x00007ff8b0bd0000 - 0x00007ff8b0cdc000 	C:\WINDOWS\system32\opengl32.dll
0x00007ff8eb6d0000 - 0x00007ff8eb6fd000 	C:\WINDOWS\SYSTEM32\GLU32.dll
0x00007ff8e9f90000 - 0x00007ff8e9fd4000 	C:\WINDOWS\SYSTEM32\dxcore.dll
0x00007ff8f0630000 - 0x00007ff8f0788000 	C:\WINDOWS\System32\MSCTF.dll
0x00007ff8f0e40000 - 0x00007ff8f0fd8000 	C:\WINDOWS\System32\ole32.dll
0x00007ff8bbc80000 - 0x00007ff8bbd07000 	C:\Program Files\Java\jdk-17\bin\freetype.dll
0x00007ff8b0d10000 - 0x00007ff8b0df1000 	C:\Program Files\Java\jdk-17\bin\fontmanager.dll
0x00007ff8eed90000 - 0x00007ff8eedab000 	C:\WINDOWS\SYSTEM32\CRYPTSP.dll
0x00007ff8ee4b0000 - 0x00007ff8ee4eb000 	C:\WINDOWS\system32\rsaenh.dll
0x00007ff8eeb90000 - 0x00007ff8eebbb000 	C:\WINDOWS\SYSTEM32\USERENV.dll
0x00007ff8ef680000 - 0x00007ff8ef6a6000 	C:\WINDOWS\SYSTEM32\bcrypt.dll
0x00007ff8eedb0000 - 0x00007ff8eedbc000 	C:\WINDOWS\SYSTEM32\CRYPTBASE.dll
0x00007ff8edf40000 - 0x00007ff8edf74000 	C:\WINDOWS\SYSTEM32\IPHLPAPI.DLL
0x00007ff8f0fe0000 - 0x00007ff8f0fea000 	C:\WINDOWS\System32\NSI.dll
0x00007ff8e5e60000 - 0x00007ff8e5e7e000 	C:\WINDOWS\SYSTEM32\dhcpcsvc6.DLL
0x00007ff8e5dc0000 - 0x00007ff8e5de3000 	C:\WINDOWS\SYSTEM32\dhcpcsvc.DLL
0x00007ff8ee030000 - 0x00007ff8ee156000 	C:\WINDOWS\SYSTEM32\DNSAPI.dll

dbghelp: loaded successfully - version: 4.0.5 - missing functions: none
symbol engine: initialized successfully - sym options: 0x614 - pdb path: .;C:\Program Files\Java\jdk-17\bin;C:\WINDOWS\SYSTEM32;C:\WINDOWS\WinSxS\amd64_microsoft.windows.common-controls_6595b64144ccf1df_6.0.26100.5074_none_3e0d6f78e32fd63f;C:\Program Files\Java\jdk-17\bin\server

VM Arguments:
jvm_args: -Dfile.encoding=UTF-8 -Duser.country=US -Duser.language=en -Duser.variant 
java_command: com.example.meepmeeptesting.MeepMeepTesting
java_class_path (initial): C:\Users\jason\OneDrive\Documents\GitHub\FTC Stuff\road-runner-quickstart\MeepMeepTesting\build\classes\java\main;C:\Users\jason\OneDrive\Documents\GitHub\FTC Stuff\road-runner-quickstart\MeepMeepTesting\build\resources\main;C:\Users\jason\.gradle\caches\modules-2\files-2.1\com.acmerobotics.roadrunner\MeepMeep\0.1.7\8730387dcc2d939f0764af786a4f05be2f2d03ff\MeepMeep-0.1.7.jar;C:\Users\jason\.gradle\caches\modules-2\files-2.1\com.acmerobotics.roadrunner\actions\1.0.1\5b80e77acfe68b587cb29700be0935068097ac8b\actions-1.0.1.jar;C:\Users\jason\.gradle\caches\modules-2\files-2.1\com.acmerobotics.roadrunner\core\1.0.1\a8c9ef12d43d3a416a0d3a624e6a1ca9e2b81fa8\core-1.0.1.jar;C:\Users\jason\.gradle\caches\modules-2\files-2.1\org.jetbrains.kotlin\kotlin-stdlib-jdk8\1.9.0\e000bd084353d84c9e888f6fb341dc1f5b79d948\kotlin-stdlib-jdk8-1.9.0.jar;C:\Users\jason\.gradle\caches\modules-2\files-2.1\com.acmerobotics.dashboard\core\0.4.7\4abd867b5d351f59a3ac139105720b3b6338baab\core-0.4.7.jar;C:\Users\jason\.gradle\caches\modules-2\files-2.1\org.jetbrains.kotlin\kotlin-stdlib-jdk7\1.9.0\f320478990d05e0cfaadd74f9619fd6027adbf37\kotlin-stdlib-jdk7-1.9.0.jar;C:\Users\jason\.gradle\caches\modules-2\files-2.1\org.jetbrains.kotlin\kotlin-stdlib\1.9.0\8ee15ef0c67dc83d874f412d84378d7f0eb50b63\kotlin-stdlib-1.9.0.jar;C:\Users\jason\.gradle\caches\modules-2\files-2.1\org.jetbrains.kotlin\kotlin-stdlib-common\1.9.0\cd65c21cfd1eec4d44ef09f9f52b6d9f8a720636\kotlin-stdlib-common-1.9.0.jar;C:\Users\jason\.gradle\caches\modules-2\files-2.1\org.jetbrains\annotations\13.0\919f0dfe192fb4e063e7dacadee7f8bb9a2672a9\annotations-13.0.jar
Launcher Type: SUN_STANDARD

[Global flags]
     intx CICompilerCount                          = 4                                         {product} {ergonomic}
     uint ConcGCThreads                            = 3                                         {product} {ergonomic}
     uint G1ConcRefinementThreads                  = 10                                        {product} {ergonomic}
   size_t G1HeapRegionSize                         = 1048576                                   {product} {ergonomic}
    uintx GCDrainStackTargetSize                   = 64                                        {product} {ergonomic}
   size_t InitialHeapSize                          = 130023424                                 {product} {ergonomic}
   size_t MarkStackSize                            = 4194304                                   {product} {ergonomic}
   size_t MaxHeapSize                              = 2055208960                                {product} {ergonomic}
   size_t MaxNewSize                               = 1233125376                                {product} {ergonomic}
   size_t MinHeapDeltaBytes                        = 1048576                                   {product} {ergonomic}
   size_t MinHeapSize                              = 8388608                                   {product} {ergonomic}
    uintx NonNMethodCodeHeapSize                   = 5839372                                {pd product} {ergonomic}
    uintx NonProfiledCodeHeapSize                  = 122909434                              {pd product} {ergonomic}
    uintx ProfiledCodeHeapSize                     = 122909434                              {pd product} {ergonomic}
    uintx ReservedCodeCacheSize                    = 251658240                              {pd product} {ergonomic}
     bool SegmentedCodeCache                       = true                                      {product} {ergonomic}
   size_t SoftMaxHeapSize                          = 2055208960                             {manageable} {ergonomic}
     bool UseCompressedClassPointers               = true                           {product lp64_product} {ergonomic}
     bool UseCompressedOops                        = true                           {product lp64_product} {ergonomic}
     bool UseG1GC                                  = true                                      {product} {ergonomic}
     bool UseLargePagesIndividualAllocation        = false                                  {pd product} {ergonomic}

Logging:
Log output configuration:
 #0: stdout all=warning uptime,level,tags
 #1: stderr all=off uptime,level,tags

Environment Variables:
PATH=C:\Program Files\Common Files\Oracle\Java\javapath;C:\windows\system32;C:\windows;C:\windows\System32\Wbem;C:\windows\System32\WindowsPowerShell\v1.0\;C:\windows\System32\OpenSSH\;C:\Program Files\HP\HP One Agent;C:\Program Files\PuTTY\;C:\WINDOWS\system32;C:\WINDOWS;C:\WINDOWS\System32\Wbem;C:\WINDOWS\System32\WindowsPowerShell\v1.0\;C:\WINDOWS\System32\OpenSSH\;C:\Program Files\Git\cmd;C:\Users\jason\AppData\Local\Programs\Python\Python313\Scripts\;C:\Users\jason\AppData\Local\Programs\Python\Python313\;C:\Users\jason\AppData\Local\Microsoft\WindowsApps;C:\Users\jason\AppData\Local\GitHubDesktop\bin
USERNAME=jason
OS=Windows_NT
PROCESSOR_IDENTIFIER=Intel64 Family 6 Model 154 Stepping 4, GenuineIntel



---------------  S Y S T E M  ---------------

OS:
 Windows 11 , 64 bit Build 26100 (10.0.26100.5074)
OS uptime: 34 days 10:30 hours
Hyper-V role detected

CPU: total 12 (initial active 12) (6 cores per cpu, 2 threads per core) family 6 model 154 stepping 4 microcode 0x434, cx8, cmov, fxsr, ht, mmx, 3dnowpref, sse, sse2, sse3, ssse3, sse4.1, sse4.2, popcnt, lzcnt, tsc, tscinvbit, avx, avx2, aes, erms, clmul, bmi1, bmi2, adx, sha, fma, vzeroupper, clflush, clflushopt, clwb, hv

Memory: 4k page, system-wide physical 7835M (750M free)
TotalPageFile size 31387M (AvailPageFile size 195M)
current process WorkingSet (physical memory assigned to process): 260M, peak: 260M
current process commit charge ("private bytes"): 304M, peak: 694M

vm_info: Java HotSpot(TM) 64-Bit Server VM (17.0.12+8-LTS-286) for windows-amd64 JRE (17.0.12+8-LTS-286), built on Jun  5 2024 06:46:59 by "mach5one" with MS VC++ 17.6 (VS2022)

END.
